[2022-10-26 13:37:48,638] {taskinstance.py:1159} INFO - Dependencies all met for <TaskInstance: load_raw_data.juegos_raw_create scheduled__2022-09-01T00:00:00+00:00 [queued]>
[2022-10-26 13:37:48,657] {taskinstance.py:1159} INFO - Dependencies all met for <TaskInstance: load_raw_data.juegos_raw_create scheduled__2022-09-01T00:00:00+00:00 [queued]>
[2022-10-26 13:37:48,657] {taskinstance.py:1356} INFO - 
--------------------------------------------------------------------------------
[2022-10-26 13:37:48,657] {taskinstance.py:1357} INFO - Starting attempt 3 of 4
[2022-10-26 13:37:48,658] {taskinstance.py:1358} INFO - 
--------------------------------------------------------------------------------
[2022-10-26 13:37:48,689] {taskinstance.py:1377} INFO - Executing <Task(PostgresOperator): juegos_raw_create> on 2022-09-01 00:00:00+00:00
[2022-10-26 13:37:48,694] {standard_task_runner.py:52} INFO - Started process 451 to run task
[2022-10-26 13:37:48,700] {standard_task_runner.py:79} INFO - Running: ['***', 'tasks', 'run', 'load_raw_data', 'juegos_raw_create', 'scheduled__2022-09-01T00:00:00+00:00', '--job-id', '12', '--raw', '--subdir', 'DAGS_FOLDER/raw-dag.py', '--cfg-path', '/tmp/tmplrouefqy', '--error-file', '/tmp/tmp2expqvy0']
[2022-10-26 13:37:48,702] {standard_task_runner.py:80} INFO - Job 12: Subtask juegos_raw_create
[2022-10-26 13:37:48,821] {task_command.py:369} INFO - Running <TaskInstance: load_raw_data.juegos_raw_create scheduled__2022-09-01T00:00:00+00:00 [running]> on host b1681a16582a
[2022-10-26 13:37:49,002] {taskinstance.py:1571} INFO - Exporting the following env vars:
AIRFLOW_CTX_DAG_OWNER=***
AIRFLOW_CTX_DAG_ID=load_raw_data
AIRFLOW_CTX_TASK_ID=juegos_raw_create
AIRFLOW_CTX_EXECUTION_DATE=2022-09-01T00:00:00+00:00
AIRFLOW_CTX_TRY_NUMBER=3
AIRFLOW_CTX_DAG_RUN_ID=scheduled__2022-09-01T00:00:00+00:00
[2022-10-26 13:37:49,054] {base.py:68} INFO - Using connection ID 'postgres-default' for task execution.
[2022-10-26 13:37:49,061] {dbapi.py:208} INFO - Running statement: CREATE TABLE IF NOT EXISTS juegos_raw (juego_id serial primary key,
                                                                                nombre_juego varchar(100),
                                                                                annio integer,
                                                                                temporada varchar(100),
                                                                                ciudad varchar(100));
                        , parameters: None
[2022-10-26 13:37:49,113] {taskinstance.py:1400} INFO - Marking task as SUCCESS. dag_id=load_raw_data, task_id=juegos_raw_create, execution_date=20220901T000000, start_date=20221026T133748, end_date=20221026T133749
[2022-10-26 13:37:49,167] {local_task_job.py:156} INFO - Task exited with return code 0
[2022-10-26 13:37:49,269] {local_task_job.py:273} INFO - 1 downstream tasks scheduled from follow-on schedule check
