[2022-10-26 13:37:48,574] {taskinstance.py:1159} INFO - Dependencies all met for <TaskInstance: load_raw_data.equipos_raw_create scheduled__2022-09-01T00:00:00+00:00 [queued]>
[2022-10-26 13:37:48,597] {taskinstance.py:1159} INFO - Dependencies all met for <TaskInstance: load_raw_data.equipos_raw_create scheduled__2022-09-01T00:00:00+00:00 [queued]>
[2022-10-26 13:37:48,597] {taskinstance.py:1356} INFO - 
--------------------------------------------------------------------------------
[2022-10-26 13:37:48,598] {taskinstance.py:1357} INFO - Starting attempt 3 of 4
[2022-10-26 13:37:48,598] {taskinstance.py:1358} INFO - 
--------------------------------------------------------------------------------
[2022-10-26 13:37:48,624] {taskinstance.py:1377} INFO - Executing <Task(PostgresOperator): equipos_raw_create> on 2022-09-01 00:00:00+00:00
[2022-10-26 13:37:48,629] {standard_task_runner.py:52} INFO - Started process 450 to run task
[2022-10-26 13:37:48,634] {standard_task_runner.py:79} INFO - Running: ['***', 'tasks', 'run', 'load_raw_data', 'equipos_raw_create', 'scheduled__2022-09-01T00:00:00+00:00', '--job-id', '11', '--raw', '--subdir', 'DAGS_FOLDER/raw-dag.py', '--cfg-path', '/tmp/tmpmy09a567', '--error-file', '/tmp/tmplh0kdw9t']
[2022-10-26 13:37:48,635] {standard_task_runner.py:80} INFO - Job 11: Subtask equipos_raw_create
[2022-10-26 13:37:48,727] {task_command.py:369} INFO - Running <TaskInstance: load_raw_data.equipos_raw_create scheduled__2022-09-01T00:00:00+00:00 [running]> on host b1681a16582a
[2022-10-26 13:37:48,992] {taskinstance.py:1571} INFO - Exporting the following env vars:
AIRFLOW_CTX_DAG_OWNER=***
AIRFLOW_CTX_DAG_ID=load_raw_data
AIRFLOW_CTX_TASK_ID=equipos_raw_create
AIRFLOW_CTX_EXECUTION_DATE=2022-09-01T00:00:00+00:00
AIRFLOW_CTX_TRY_NUMBER=3
AIRFLOW_CTX_DAG_RUN_ID=scheduled__2022-09-01T00:00:00+00:00
[2022-10-26 13:37:49,051] {base.py:68} INFO - Using connection ID 'postgres-default' for task execution.
[2022-10-26 13:37:49,062] {dbapi.py:208} INFO - Running statement: CREATE TABLE IF NOT EXISTS equipos_raw (equipo_id serial primary key,
                                                                                equipo varchar(100),
                                                                                sigla varchar(3));
                        , parameters: None
[2022-10-26 13:37:49,135] {taskinstance.py:1400} INFO - Marking task as SUCCESS. dag_id=load_raw_data, task_id=equipos_raw_create, execution_date=20220901T000000, start_date=20221026T133748, end_date=20221026T133749
[2022-10-26 13:37:49,170] {local_task_job.py:156} INFO - Task exited with return code 0
[2022-10-26 13:37:49,310] {local_task_job.py:273} INFO - 1 downstream tasks scheduled from follow-on schedule check
