[2022-10-26 13:37:48,803] {taskinstance.py:1159} INFO - Dependencies all met for <TaskInstance: load_raw_data.generos_raw_create scheduled__2022-09-01T00:00:00+00:00 [queued]>
[2022-10-26 13:37:48,826] {taskinstance.py:1159} INFO - Dependencies all met for <TaskInstance: load_raw_data.generos_raw_create scheduled__2022-09-01T00:00:00+00:00 [queued]>
[2022-10-26 13:37:48,827] {taskinstance.py:1356} INFO - 
--------------------------------------------------------------------------------
[2022-10-26 13:37:48,827] {taskinstance.py:1357} INFO - Starting attempt 3 of 4
[2022-10-26 13:37:48,828] {taskinstance.py:1358} INFO - 
--------------------------------------------------------------------------------
[2022-10-26 13:37:48,859] {taskinstance.py:1377} INFO - Executing <Task(PostgresOperator): generos_raw_create> on 2022-09-01 00:00:00+00:00
[2022-10-26 13:37:48,869] {standard_task_runner.py:52} INFO - Started process 453 to run task
[2022-10-26 13:37:48,879] {standard_task_runner.py:79} INFO - Running: ['***', 'tasks', 'run', 'load_raw_data', 'generos_raw_create', 'scheduled__2022-09-01T00:00:00+00:00', '--job-id', '14', '--raw', '--subdir', 'DAGS_FOLDER/raw-dag.py', '--cfg-path', '/tmp/tmpls47i4dy', '--error-file', '/tmp/tmpitrto2bf']
[2022-10-26 13:37:48,880] {standard_task_runner.py:80} INFO - Job 14: Subtask generos_raw_create
[2022-10-26 13:37:49,004] {task_command.py:369} INFO - Running <TaskInstance: load_raw_data.generos_raw_create scheduled__2022-09-01T00:00:00+00:00 [running]> on host b1681a16582a
[2022-10-26 13:37:49,188] {taskinstance.py:1571} INFO - Exporting the following env vars:
AIRFLOW_CTX_DAG_OWNER=***
AIRFLOW_CTX_DAG_ID=load_raw_data
AIRFLOW_CTX_TASK_ID=generos_raw_create
AIRFLOW_CTX_EXECUTION_DATE=2022-09-01T00:00:00+00:00
AIRFLOW_CTX_TRY_NUMBER=3
AIRFLOW_CTX_DAG_RUN_ID=scheduled__2022-09-01T00:00:00+00:00
[2022-10-26 13:37:49,213] {base.py:68} INFO - Using connection ID 'postgres-default' for task execution.
[2022-10-26 13:37:49,221] {dbapi.py:208} INFO - Running statement: CREATE TABLE IF NOT EXISTS generos_raw (genero_id serial primary key,
                                                                                genero varchar(1));
                        , parameters: None
[2022-10-26 13:37:49,354] {taskinstance.py:1400} INFO - Marking task as SUCCESS. dag_id=load_raw_data, task_id=generos_raw_create, execution_date=20220901T000000, start_date=20221026T133748, end_date=20221026T133749
[2022-10-26 13:37:49,383] {local_task_job.py:156} INFO - Task exited with return code 0
[2022-10-26 13:37:49,442] {local_task_job.py:273} INFO - 1 downstream tasks scheduled from follow-on schedule check
