[2022-10-26 15:14:33,755] {taskinstance.py:1159} INFO - Dependencies all met for <TaskInstance: dbt_dim.deportistas_dim scheduled__2022-09-01T00:00:00+00:00 [queued]>
[2022-10-26 15:14:33,773] {taskinstance.py:1159} INFO - Dependencies all met for <TaskInstance: dbt_dim.deportistas_dim scheduled__2022-09-01T00:00:00+00:00 [queued]>
[2022-10-26 15:14:33,773] {taskinstance.py:1356} INFO - 
--------------------------------------------------------------------------------
[2022-10-26 15:14:33,774] {taskinstance.py:1357} INFO - Starting attempt 5 of 6
[2022-10-26 15:14:33,774] {taskinstance.py:1358} INFO - 
--------------------------------------------------------------------------------
[2022-10-26 15:14:33,797] {taskinstance.py:1377} INFO - Executing <Task(BashOperator): deportistas_dim> on 2022-09-01 00:00:00+00:00
[2022-10-26 15:14:33,802] {standard_task_runner.py:52} INFO - Started process 885 to run task
[2022-10-26 15:14:33,807] {standard_task_runner.py:79} INFO - Running: ['***', 'tasks', 'run', 'dbt_dim', 'deportistas_dim', 'scheduled__2022-09-01T00:00:00+00:00', '--job-id', '28', '--raw', '--subdir', 'DAGS_FOLDER/dbt_dim.py', '--cfg-path', '/tmp/tmpo9gyazj4', '--error-file', '/tmp/tmpmwnhcbzt']
[2022-10-26 15:14:33,808] {standard_task_runner.py:80} INFO - Job 28: Subtask deportistas_dim
[2022-10-26 15:14:33,892] {task_command.py:369} INFO - Running <TaskInstance: dbt_dim.deportistas_dim scheduled__2022-09-01T00:00:00+00:00 [running]> on host 4af2e895db31
[2022-10-26 15:14:34,013] {taskinstance.py:1571} INFO - Exporting the following env vars:
AIRFLOW_CTX_DAG_OWNER=***
AIRFLOW_CTX_DAG_ID=dbt_dim
AIRFLOW_CTX_TASK_ID=deportistas_dim
AIRFLOW_CTX_EXECUTION_DATE=2022-09-01T00:00:00+00:00
AIRFLOW_CTX_TRY_NUMBER=5
AIRFLOW_CTX_DAG_RUN_ID=scheduled__2022-09-01T00:00:00+00:00
[2022-10-26 15:14:34,014] {subprocess.py:62} INFO - Tmp dir root location: 
 /tmp
[2022-10-26 15:14:34,014] {subprocess.py:74} INFO - Running command: ['bash', '-c', 'cd /opt/dbt/oly_dbt && dbt run --select +deportistas_dim']
[2022-10-26 15:14:34,028] {subprocess.py:85} INFO - Output:
[2022-10-26 15:14:38,004] {subprocess.py:92} INFO - [0m15:14:38  Running with dbt=1.3.0
[2022-10-26 15:14:38,121] {subprocess.py:92} INFO - [0m15:14:38  Unable to do partial parsing because a project config has changed
[2022-10-26 15:14:39,555] {subprocess.py:92} INFO - [0m15:14:39  [[33mWARNING[0m]: Configuration paths exist in your dbt_project.yml file which do not apply to any resources.
[2022-10-26 15:14:39,555] {subprocess.py:92} INFO - There are 1 unused configuration paths:
[2022-10-26 15:14:39,555] {subprocess.py:92} INFO - - models.oly_dbt.fact_tables
[2022-10-26 15:14:39,555] {subprocess.py:92} INFO - 
[2022-10-26 15:14:39,594] {subprocess.py:92} INFO - [0m15:14:39  Found 2 models, 0 tests, 0 snapshots, 0 analyses, 289 macros, 0 operations, 0 seed files, 0 sources, 0 exposures, 0 metrics
[2022-10-26 15:14:39,601] {subprocess.py:92} INFO - [0m15:14:39
[2022-10-26 15:14:39,878] {subprocess.py:92} INFO - [0m15:14:39  Concurrency: 4 threads (target='dev')
[2022-10-26 15:14:39,879] {subprocess.py:92} INFO - [0m15:14:39
[2022-10-26 15:14:39,885] {subprocess.py:92} INFO - [0m15:14:39  1 of 1 START sql table model public.deportistas_dim ............................ [RUN]
[2022-10-26 15:14:40,939] {subprocess.py:92} INFO - [0m15:14:40  1 of 1 OK created sql table model public.deportistas_dim ....................... [[32mSELECT 135428[0m in 1.05s]
[2022-10-26 15:14:41,019] {subprocess.py:92} INFO - [0m15:14:41
[2022-10-26 15:14:41,019] {subprocess.py:92} INFO - [0m15:14:41  Finished running 1 table model in 0 hours 0 minutes and 1.41 seconds (1.41s).
[2022-10-26 15:14:41,037] {subprocess.py:92} INFO - [0m15:14:41
[2022-10-26 15:14:41,038] {subprocess.py:92} INFO - [0m15:14:41  [32mCompleted successfully[0m
[2022-10-26 15:14:41,039] {subprocess.py:92} INFO - [0m15:14:41
[2022-10-26 15:14:41,039] {subprocess.py:92} INFO - [0m15:14:41  Done. PASS=1 WARN=0 ERROR=0 SKIP=0 TOTAL=1
[2022-10-26 15:14:42,326] {subprocess.py:96} INFO - Command exited with return code 0
[2022-10-26 15:14:42,441] {taskinstance.py:1400} INFO - Marking task as SUCCESS. dag_id=dbt_dim, task_id=deportistas_dim, execution_date=20220901T000000, start_date=20221026T151433, end_date=20221026T151442
[2022-10-26 15:14:42,483] {local_task_job.py:156} INFO - Task exited with return code 0
[2022-10-26 15:14:42,530] {local_task_job.py:273} INFO - 0 downstream tasks scheduled from follow-on schedule check
