[2022-10-26 13:37:50,996] {taskinstance.py:1159} INFO - Dependencies all met for <TaskInstance: load_raw_data.deportes_raw_populate scheduled__2022-09-01T00:00:00+00:00 [queued]>
[2022-10-26 13:37:51,033] {taskinstance.py:1159} INFO - Dependencies all met for <TaskInstance: load_raw_data.deportes_raw_populate scheduled__2022-09-01T00:00:00+00:00 [queued]>
[2022-10-26 13:37:51,033] {taskinstance.py:1356} INFO - 
--------------------------------------------------------------------------------
[2022-10-26 13:37:51,033] {taskinstance.py:1357} INFO - Starting attempt 1 of 2
[2022-10-26 13:37:51,033] {taskinstance.py:1358} INFO - 
--------------------------------------------------------------------------------
[2022-10-26 13:37:51,120] {taskinstance.py:1377} INFO - Executing <Task(PostgresOperator): deportes_raw_populate> on 2022-09-01 00:00:00+00:00
[2022-10-26 13:37:51,125] {standard_task_runner.py:52} INFO - Started process 460 to run task
[2022-10-26 13:37:51,131] {standard_task_runner.py:79} INFO - Running: ['***', 'tasks', 'run', 'load_raw_data', 'deportes_raw_populate', 'scheduled__2022-09-01T00:00:00+00:00', '--job-id', '17', '--raw', '--subdir', 'DAGS_FOLDER/raw-dag.py', '--cfg-path', '/tmp/tmpdgod1fkx', '--error-file', '/tmp/tmp9htjno0l']
[2022-10-26 13:37:51,145] {standard_task_runner.py:80} INFO - Job 17: Subtask deportes_raw_populate
[2022-10-26 13:37:51,338] {task_command.py:369} INFO - Running <TaskInstance: load_raw_data.deportes_raw_populate scheduled__2022-09-01T00:00:00+00:00 [running]> on host b1681a16582a
[2022-10-26 13:37:51,663] {taskinstance.py:1571} INFO - Exporting the following env vars:
AIRFLOW_CTX_DAG_OWNER=***
AIRFLOW_CTX_DAG_ID=load_raw_data
AIRFLOW_CTX_TASK_ID=deportes_raw_populate
AIRFLOW_CTX_EXECUTION_DATE=2022-09-01T00:00:00+00:00
AIRFLOW_CTX_TRY_NUMBER=1
AIRFLOW_CTX_DAG_RUN_ID=scheduled__2022-09-01T00:00:00+00:00
[2022-10-26 13:37:51,744] {base.py:68} INFO - Using connection ID 'postgres-default' for task execution.
[2022-10-26 13:37:51,788] {dbapi.py:208} INFO - Running statement: COPY deportes_raw FROM '/tmp/sample_data/deporte.csv' DELIMITER ',' CSV HEADER;, parameters: None
[2022-10-26 13:37:51,795] {dbapi.py:216} INFO - Rows affected: 66
[2022-10-26 13:37:51,881] {taskinstance.py:1400} INFO - Marking task as SUCCESS. dag_id=load_raw_data, task_id=deportes_raw_populate, execution_date=20220901T000000, start_date=20221026T133750, end_date=20221026T133751
[2022-10-26 13:37:51,992] {local_task_job.py:156} INFO - Task exited with return code 0
[2022-10-26 13:37:52,219] {local_task_job.py:273} INFO - 1 downstream tasks scheduled from follow-on schedule check
[2022-10-26 14:27:32,571] {taskinstance.py:1159} INFO - Dependencies all met for <TaskInstance: load_raw_data.deportes_raw_populate scheduled__2022-09-01T00:00:00+00:00 [queued]>
[2022-10-26 14:27:32,588] {taskinstance.py:1159} INFO - Dependencies all met for <TaskInstance: load_raw_data.deportes_raw_populate scheduled__2022-09-01T00:00:00+00:00 [queued]>
[2022-10-26 14:27:32,588] {taskinstance.py:1356} INFO - 
--------------------------------------------------------------------------------
[2022-10-26 14:27:32,589] {taskinstance.py:1357} INFO - Starting attempt 1 of 2
[2022-10-26 14:27:32,589] {taskinstance.py:1358} INFO - 
--------------------------------------------------------------------------------
[2022-10-26 14:27:32,617] {taskinstance.py:1377} INFO - Executing <Task(PostgresOperator): deportes_raw_populate> on 2022-09-01 00:00:00+00:00
[2022-10-26 14:27:32,622] {standard_task_runner.py:52} INFO - Started process 260 to run task
[2022-10-26 14:27:32,631] {standard_task_runner.py:79} INFO - Running: ['***', 'tasks', 'run', 'load_raw_data', 'deportes_raw_populate', 'scheduled__2022-09-01T00:00:00+00:00', '--job-id', '9', '--raw', '--subdir', 'DAGS_FOLDER/raw-dag.py', '--cfg-path', '/tmp/tmp5uvmy8mu', '--error-file', '/tmp/tmprvvuh8_d']
[2022-10-26 14:27:32,633] {standard_task_runner.py:80} INFO - Job 9: Subtask deportes_raw_populate
[2022-10-26 14:27:32,734] {task_command.py:369} INFO - Running <TaskInstance: load_raw_data.deportes_raw_populate scheduled__2022-09-01T00:00:00+00:00 [running]> on host d860ef10ab5f
[2022-10-26 14:27:33,009] {taskinstance.py:1571} INFO - Exporting the following env vars:
AIRFLOW_CTX_DAG_OWNER=***
AIRFLOW_CTX_DAG_ID=load_raw_data
AIRFLOW_CTX_TASK_ID=deportes_raw_populate
AIRFLOW_CTX_EXECUTION_DATE=2022-09-01T00:00:00+00:00
AIRFLOW_CTX_TRY_NUMBER=1
AIRFLOW_CTX_DAG_RUN_ID=scheduled__2022-09-01T00:00:00+00:00
[2022-10-26 14:27:33,044] {base.py:68} INFO - Using connection ID 'postgres-default' for task execution.
[2022-10-26 14:27:33,057] {dbapi.py:208} INFO - Running statement: COPY deportes_raw FROM '/tmp/sample_data/deporte.csv' DELIMITER ',' CSV HEADER;, parameters: None
[2022-10-26 14:27:33,064] {dbapi.py:216} INFO - Rows affected: 66
[2022-10-26 14:27:33,090] {taskinstance.py:1400} INFO - Marking task as SUCCESS. dag_id=load_raw_data, task_id=deportes_raw_populate, execution_date=20220901T000000, start_date=20221026T142732, end_date=20221026T142733
[2022-10-26 14:27:33,128] {local_task_job.py:156} INFO - Task exited with return code 0
[2022-10-26 14:27:33,250] {local_task_job.py:273} INFO - 1 downstream tasks scheduled from follow-on schedule check
[2022-10-26 14:47:46,810] {taskinstance.py:1159} INFO - Dependencies all met for <TaskInstance: load_raw_data.deportes_raw_populate scheduled__2022-09-01T00:00:00+00:00 [queued]>
[2022-10-26 14:47:46,829] {taskinstance.py:1159} INFO - Dependencies all met for <TaskInstance: load_raw_data.deportes_raw_populate scheduled__2022-09-01T00:00:00+00:00 [queued]>
[2022-10-26 14:47:46,830] {taskinstance.py:1356} INFO - 
--------------------------------------------------------------------------------
[2022-10-26 14:47:46,830] {taskinstance.py:1357} INFO - Starting attempt 1 of 2
[2022-10-26 14:47:46,830] {taskinstance.py:1358} INFO - 
--------------------------------------------------------------------------------
[2022-10-26 14:47:46,854] {taskinstance.py:1377} INFO - Executing <Task(PostgresOperator): deportes_raw_populate> on 2022-09-01 00:00:00+00:00
[2022-10-26 14:47:46,860] {standard_task_runner.py:52} INFO - Started process 287 to run task
[2022-10-26 14:47:46,865] {standard_task_runner.py:79} INFO - Running: ['***', 'tasks', 'run', 'load_raw_data', 'deportes_raw_populate', 'scheduled__2022-09-01T00:00:00+00:00', '--job-id', '7', '--raw', '--subdir', 'DAGS_FOLDER/raw-dag.py', '--cfg-path', '/tmp/tmpowbnq27a', '--error-file', '/tmp/tmpghj1888a']
[2022-10-26 14:47:46,867] {standard_task_runner.py:80} INFO - Job 7: Subtask deportes_raw_populate
[2022-10-26 14:47:46,998] {task_command.py:369} INFO - Running <TaskInstance: load_raw_data.deportes_raw_populate scheduled__2022-09-01T00:00:00+00:00 [running]> on host 4af2e895db31
[2022-10-26 14:47:47,165] {taskinstance.py:1571} INFO - Exporting the following env vars:
AIRFLOW_CTX_DAG_OWNER=***
AIRFLOW_CTX_DAG_ID=load_raw_data
AIRFLOW_CTX_TASK_ID=deportes_raw_populate
AIRFLOW_CTX_EXECUTION_DATE=2022-09-01T00:00:00+00:00
AIRFLOW_CTX_TRY_NUMBER=1
AIRFLOW_CTX_DAG_RUN_ID=scheduled__2022-09-01T00:00:00+00:00
[2022-10-26 14:47:47,188] {base.py:68} INFO - Using connection ID 'postgres-default' for task execution.
[2022-10-26 14:47:47,196] {dbapi.py:208} INFO - Running statement: COPY deportes_raw FROM '/tmp/sample_data/deporte.csv' DELIMITER ',' CSV HEADER;, parameters: None
[2022-10-26 14:47:47,200] {dbapi.py:216} INFO - Rows affected: 66
[2022-10-26 14:47:47,224] {taskinstance.py:1400} INFO - Marking task as SUCCESS. dag_id=load_raw_data, task_id=deportes_raw_populate, execution_date=20220901T000000, start_date=20221026T144746, end_date=20221026T144747
[2022-10-26 14:47:47,255] {local_task_job.py:156} INFO - Task exited with return code 0
[2022-10-26 14:47:47,366] {local_task_job.py:273} INFO - 1 downstream tasks scheduled from follow-on schedule check
[2022-10-26 17:10:53,270] {taskinstance.py:1159} INFO - Dependencies all met for <TaskInstance: load_raw_data.deportes_raw_populate scheduled__2022-09-01T00:00:00+00:00 [queued]>
[2022-10-26 17:10:53,298] {taskinstance.py:1159} INFO - Dependencies all met for <TaskInstance: load_raw_data.deportes_raw_populate scheduled__2022-09-01T00:00:00+00:00 [queued]>
[2022-10-26 17:10:53,298] {taskinstance.py:1356} INFO - 
--------------------------------------------------------------------------------
[2022-10-26 17:10:53,298] {taskinstance.py:1357} INFO - Starting attempt 1 of 2
[2022-10-26 17:10:53,299] {taskinstance.py:1358} INFO - 
--------------------------------------------------------------------------------
[2022-10-26 17:10:53,333] {taskinstance.py:1377} INFO - Executing <Task(PostgresOperator): deportes_raw_populate> on 2022-09-01 00:00:00+00:00
[2022-10-26 17:10:53,351] {standard_task_runner.py:52} INFO - Started process 258 to run task
[2022-10-26 17:10:53,386] {standard_task_runner.py:79} INFO - Running: ['***', 'tasks', 'run', 'load_raw_data', 'deportes_raw_populate', 'scheduled__2022-09-01T00:00:00+00:00', '--job-id', '8', '--raw', '--subdir', 'DAGS_FOLDER/raw-dag.py', '--cfg-path', '/tmp/tmpzb9k51a4', '--error-file', '/tmp/tmpb74aqxrn']
[2022-10-26 17:10:53,390] {standard_task_runner.py:80} INFO - Job 8: Subtask deportes_raw_populate
[2022-10-26 17:10:53,602] {task_command.py:369} INFO - Running <TaskInstance: load_raw_data.deportes_raw_populate scheduled__2022-09-01T00:00:00+00:00 [running]> on host 553edc2a1daa
[2022-10-26 17:10:54,038] {taskinstance.py:1571} INFO - Exporting the following env vars:
AIRFLOW_CTX_DAG_OWNER=***
AIRFLOW_CTX_DAG_ID=load_raw_data
AIRFLOW_CTX_TASK_ID=deportes_raw_populate
AIRFLOW_CTX_EXECUTION_DATE=2022-09-01T00:00:00+00:00
AIRFLOW_CTX_TRY_NUMBER=1
AIRFLOW_CTX_DAG_RUN_ID=scheduled__2022-09-01T00:00:00+00:00
[2022-10-26 17:10:54,150] {base.py:68} INFO - Using connection ID 'postgres-default' for task execution.
[2022-10-26 17:10:54,165] {dbapi.py:208} INFO - Running statement: COPY deportes_raw FROM '/tmp/sample_data/deporte.csv' DELIMITER ',' CSV HEADER;, parameters: None
[2022-10-26 17:10:54,188] {dbapi.py:216} INFO - Rows affected: 66
[2022-10-26 17:10:54,250] {taskinstance.py:1400} INFO - Marking task as SUCCESS. dag_id=load_raw_data, task_id=deportes_raw_populate, execution_date=20220901T000000, start_date=20221026T171053, end_date=20221026T171054
[2022-10-26 17:10:54,318] {local_task_job.py:156} INFO - Task exited with return code 0
[2022-10-26 17:10:54,517] {local_task_job.py:273} INFO - 1 downstream tasks scheduled from follow-on schedule check
