[2022-10-26 13:25:45,343] {manager.py:474} INFO - Processing files using up to 2 processes at a time 
[2022-10-26 13:25:45,344] {manager.py:475} INFO - Process each file at most once every 30 seconds
[2022-10-26 13:25:45,344] {manager.py:477} INFO - Checking for new files in /opt/airflow/dags every 300 seconds
[2022-10-26 13:25:45,344] {manager.py:684} INFO - Searching for files in /opt/airflow/dags
[2022-10-26 13:25:45,362] {manager.py:687} INFO - There are 2 files in /opt/airflow/dags
[2022-10-26 13:25:45,521] {manager.py:803} INFO - 
================================================================================
DAG File Processing Stats

File Path                       PID  Runtime      # DAGs    # Errors  Last Runtime    Last Run
----------------------------  -----  ---------  --------  ----------  --------------  ----------
/opt/airflow/dags/dbt_dim.py    183  0.06s             0           0
/opt/airflow/dags/raw-dag.py    186  0.06s             0           0
================================================================================
[2022-10-26 13:26:15,699] {manager.py:803} INFO - 
================================================================================
DAG File Processing Stats

File Path                       PID  Runtime      # DAGs    # Errors  Last Runtime    Last Run
----------------------------  -----  ---------  --------  ----------  --------------  -------------------
/opt/airflow/dags/dbt_dim.py    193  0.02s             0           1  0.14s           2022-10-26T13:25:45
/opt/airflow/dags/raw-dag.py                           1           0  0.36s           2022-10-26T13:25:45
================================================================================
[2022-10-26 13:26:45,929] {manager.py:803} INFO - 
================================================================================
DAG File Processing Stats

File Path                       PID  Runtime      # DAGs    # Errors  Last Runtime    Last Run
----------------------------  -----  ---------  --------  ----------  --------------  -------------------
/opt/airflow/dags/dbt_dim.py    203  0.01s             0           1  0.13s           2022-10-26T13:26:15
/opt/airflow/dags/raw-dag.py                           1           0  0.37s           2022-10-26T13:26:17
================================================================================
[2022-10-26 13:27:16,125] {manager.py:803} INFO - 
================================================================================
DAG File Processing Stats

File Path                       PID  Runtime      # DAGs    # Errors  Last Runtime    Last Run
----------------------------  -----  ---------  --------  ----------  --------------  -------------------
/opt/airflow/dags/dbt_dim.py    213  0.01s             0           1  0.08s           2022-10-26T13:26:45
/opt/airflow/dags/raw-dag.py                           1           0  0.13s           2022-10-26T13:26:48
================================================================================
[2022-10-26 13:27:46,299] {manager.py:803} INFO - 
================================================================================
DAG File Processing Stats

File Path                       PID  Runtime      # DAGs    # Errors  Last Runtime    Last Run
----------------------------  -----  ---------  --------  ----------  --------------  -------------------
/opt/airflow/dags/dbt_dim.py    223  0.01s             0           1  0.07s           2022-10-26T13:27:16
/opt/airflow/dags/raw-dag.py                           1           0  0.13s           2022-10-26T13:27:18
================================================================================
[2022-10-26 13:28:16,455] {manager.py:803} INFO - 
================================================================================
DAG File Processing Stats

File Path                       PID  Runtime      # DAGs    # Errors  Last Runtime    Last Run
----------------------------  -----  ---------  --------  ----------  --------------  -------------------
/opt/airflow/dags/dbt_dim.py    233  0.00s             0           1  0.07s           2022-10-26T13:27:46
/opt/airflow/dags/raw-dag.py                           1           0  0.21s           2022-10-26T13:27:48
================================================================================
[2022-10-26 13:28:46,641] {manager.py:803} INFO - 
================================================================================
DAG File Processing Stats

File Path                       PID  Runtime      # DAGs    # Errors  Last Runtime    Last Run
----------------------------  -----  ---------  --------  ----------  --------------  -------------------
/opt/airflow/dags/dbt_dim.py    243  0.01s             0           1  0.07s           2022-10-26T13:28:16
/opt/airflow/dags/raw-dag.py                           1           0  0.14s           2022-10-26T13:28:19
================================================================================
[2022-10-26 13:29:16,840] {manager.py:803} INFO - 
================================================================================
DAG File Processing Stats

File Path                       PID  Runtime      # DAGs    # Errors  Last Runtime    Last Run
----------------------------  -----  ---------  --------  ----------  --------------  -------------------
/opt/airflow/dags/dbt_dim.py    253  0.01s             0           1  0.09s           2022-10-26T13:28:46
/opt/airflow/dags/raw-dag.py                           1           0  0.16s           2022-10-26T13:28:49
================================================================================
[2022-10-26 13:29:47,037] {manager.py:803} INFO - 
================================================================================
DAG File Processing Stats

File Path                       PID  Runtime      # DAGs    # Errors  Last Runtime    Last Run
----------------------------  -----  ---------  --------  ----------  --------------  -------------------
/opt/airflow/dags/dbt_dim.py    263  0.01s             0           1  0.08s           2022-10-26T13:29:16
/opt/airflow/dags/raw-dag.py                           1           0  0.14s           2022-10-26T13:29:20
================================================================================
[2022-10-26 13:30:17,180] {manager.py:803} INFO - 
================================================================================
DAG File Processing Stats

File Path                       PID  Runtime      # DAGs    # Errors  Last Runtime    Last Run
----------------------------  -----  ---------  --------  ----------  --------------  -------------------
/opt/airflow/dags/dbt_dim.py    273  0.00s             0           1  0.05s           2022-10-26T13:29:47
/opt/airflow/dags/raw-dag.py                           1           0  0.28s           2022-10-26T13:29:50
================================================================================
[2022-10-26 13:30:45,394] {manager.py:684} INFO - Searching for files in /opt/airflow/dags
[2022-10-26 13:30:45,396] {manager.py:687} INFO - There are 2 files in /opt/airflow/dags
[2022-10-26 13:30:47,347] {manager.py:803} INFO - 
================================================================================
DAG File Processing Stats

File Path                       PID  Runtime      # DAGs    # Errors  Last Runtime    Last Run
----------------------------  -----  ---------  --------  ----------  --------------  -------------------
/opt/airflow/dags/dbt_dim.py    283  0.01s             0           1  0.06s           2022-10-26T13:30:17
/opt/airflow/dags/raw-dag.py                           1           0  0.14s           2022-10-26T13:30:21
================================================================================
[2022-10-26 13:31:17,496] {manager.py:803} INFO - 
================================================================================
DAG File Processing Stats

File Path                       PID  Runtime      # DAGs    # Errors  Last Runtime    Last Run
----------------------------  -----  ---------  --------  ----------  --------------  -------------------
/opt/airflow/dags/dbt_dim.py    293  0.01s             0           1  0.06s           2022-10-26T13:30:47
/opt/airflow/dags/raw-dag.py                           1           0  0.17s           2022-10-26T13:30:51
================================================================================
[2022-10-26 13:31:47,675] {manager.py:803} INFO - 
================================================================================
DAG File Processing Stats

File Path                       PID  Runtime      # DAGs    # Errors  Last Runtime    Last Run
----------------------------  -----  ---------  --------  ----------  --------------  -------------------
/opt/airflow/dags/dbt_dim.py    303  0.01s             0           1  0.07s           2022-10-26T13:31:17
/opt/airflow/dags/raw-dag.py                           1           0  0.18s           2022-10-26T13:31:21
================================================================================
[2022-10-26 13:32:17,892] {manager.py:803} INFO - 
================================================================================
DAG File Processing Stats

File Path                     PID    Runtime      # DAGs    # Errors  Last Runtime    Last Run
----------------------------  -----  ---------  --------  ----------  --------------  -------------------
/opt/airflow/dags/dbt_dim.py                           0           1  0.11s           2022-10-26T13:32:04
/opt/airflow/dags/raw-dag.py                           1           0  0.12s           2022-10-26T13:31:52
================================================================================
[2022-10-26 13:32:48,019] {manager.py:803} INFO - 
================================================================================
DAG File Processing Stats

File Path                     PID    Runtime      # DAGs    # Errors  Last Runtime    Last Run
----------------------------  -----  ---------  --------  ----------  --------------  -------------------
/opt/airflow/dags/dbt_dim.py                           0           1  0.08s           2022-10-26T13:32:35
/opt/airflow/dags/raw-dag.py                           1           0  0.12s           2022-10-26T13:32:23
================================================================================
[2022-10-26 13:33:18,386] {manager.py:803} INFO - 
================================================================================
DAG File Processing Stats

File Path                     PID    Runtime      # DAGs    # Errors  Last Runtime    Last Run
----------------------------  -----  ---------  --------  ----------  --------------  -------------------
/opt/airflow/dags/dbt_dim.py                           1           0  0.58s           2022-10-26T13:32:55
/opt/airflow/dags/raw-dag.py                           1           0  0.28s           2022-10-26T13:32:53
================================================================================
[2022-10-26 13:33:48,866] {manager.py:803} INFO - 
================================================================================
DAG File Processing Stats

File Path                     PID    Runtime      # DAGs    # Errors  Last Runtime    Last Run
----------------------------  -----  ---------  --------  ----------  --------------  -------------------
/opt/airflow/dags/dbt_dim.py                           1           0  0.17s           2022-10-26T13:33:25
/opt/airflow/dags/raw-dag.py                           1           0  0.38s           2022-10-26T13:33:23
================================================================================
[2022-10-26 13:34:19,101] {manager.py:803} INFO - 
================================================================================
DAG File Processing Stats

File Path                     PID    Runtime      # DAGs    # Errors  Last Runtime    Last Run
----------------------------  -----  ---------  --------  ----------  --------------  -------------------
/opt/airflow/dags/dbt_dim.py                           1           0  0.14s           2022-10-26T13:33:56
/opt/airflow/dags/raw-dag.py                           1           0  0.13s           2022-10-26T13:33:54
================================================================================
[2022-10-26 13:34:49,346] {manager.py:803} INFO - 
================================================================================
DAG File Processing Stats

File Path                     PID    Runtime      # DAGs    # Errors  Last Runtime    Last Run
----------------------------  -----  ---------  --------  ----------  --------------  -------------------
/opt/airflow/dags/dbt_dim.py                           1           0  0.14s           2022-10-26T13:34:26
/opt/airflow/dags/raw-dag.py                           1           0  0.13s           2022-10-26T13:34:24
================================================================================
[2022-10-26 13:35:19,571] {manager.py:803} INFO - 
================================================================================
DAG File Processing Stats

File Path                     PID    Runtime      # DAGs    # Errors  Last Runtime    Last Run
----------------------------  -----  ---------  --------  ----------  --------------  -------------------
/opt/airflow/dags/dbt_dim.py                           1           0  0.22s           2022-10-26T13:34:56
/opt/airflow/dags/raw-dag.py                           1           0  0.12s           2022-10-26T13:34:54
================================================================================
[2022-10-26 13:35:45,798] {manager.py:684} INFO - Searching for files in /opt/airflow/dags
[2022-10-26 13:35:45,800] {manager.py:687} INFO - There are 2 files in /opt/airflow/dags
[2022-10-26 13:35:49,828] {manager.py:803} INFO - 
================================================================================
DAG File Processing Stats

File Path                     PID    Runtime      # DAGs    # Errors  Last Runtime    Last Run
----------------------------  -----  ---------  --------  ----------  --------------  -------------------
/opt/airflow/dags/dbt_dim.py                           1           0  0.17s           2022-10-26T13:35:26
/opt/airflow/dags/raw-dag.py                           1           0  0.16s           2022-10-26T13:35:24
================================================================================
[2022-10-26 13:36:20,073] {manager.py:803} INFO - 
================================================================================
DAG File Processing Stats

File Path                     PID    Runtime      # DAGs    # Errors  Last Runtime    Last Run
----------------------------  -----  ---------  --------  ----------  --------------  -------------------
/opt/airflow/dags/dbt_dim.py                           1           0  0.17s           2022-10-26T13:35:57
/opt/airflow/dags/raw-dag.py                           1           0  0.12s           2022-10-26T13:35:54
================================================================================
[2022-10-26 13:36:50,378] {manager.py:803} INFO - 
================================================================================
DAG File Processing Stats

File Path                     PID    Runtime      # DAGs    # Errors  Last Runtime    Last Run
----------------------------  -----  ---------  --------  ----------  --------------  -------------------
/opt/airflow/dags/dbt_dim.py                           1           0  0.15s           2022-10-26T13:36:27
/opt/airflow/dags/raw-dag.py                           1           0  0.20s           2022-10-26T13:36:25
================================================================================
[2022-10-26 13:37:20,642] {manager.py:803} INFO - 
================================================================================
DAG File Processing Stats

File Path                     PID    Runtime      # DAGs    # Errors  Last Runtime    Last Run
----------------------------  -----  ---------  --------  ----------  --------------  -------------------
/opt/airflow/dags/dbt_dim.py                           1           0  0.15s           2022-10-26T13:36:57
/opt/airflow/dags/raw-dag.py                           1           0  0.17s           2022-10-26T13:36:55
================================================================================
[2022-10-26 13:37:50,913] {manager.py:803} INFO - 
================================================================================
DAG File Processing Stats

File Path                     PID    Runtime      # DAGs    # Errors  Last Runtime    Last Run
----------------------------  -----  ---------  --------  ----------  --------------  -------------------
/opt/airflow/dags/dbt_dim.py                           1           0  0.15s           2022-10-26T13:37:27
/opt/airflow/dags/raw-dag.py                           1           0  0.16s           2022-10-26T13:37:25
================================================================================
[2022-10-26 13:38:21,163] {manager.py:803} INFO - 
================================================================================
DAG File Processing Stats

File Path                     PID    Runtime      # DAGs    # Errors  Last Runtime    Last Run
----------------------------  -----  ---------  --------  ----------  --------------  -------------------
/opt/airflow/dags/dbt_dim.py                           1           0  0.16s           2022-10-26T13:37:58
/opt/airflow/dags/raw-dag.py                           1           0  0.16s           2022-10-26T13:37:56
================================================================================
[2022-10-26 13:38:51,407] {manager.py:803} INFO - 
================================================================================
DAG File Processing Stats

File Path                     PID    Runtime      # DAGs    # Errors  Last Runtime    Last Run
----------------------------  -----  ---------  --------  ----------  --------------  -------------------
/opt/airflow/dags/dbt_dim.py                           1           0  0.14s           2022-10-26T13:38:28
/opt/airflow/dags/raw-dag.py                           1           0  0.13s           2022-10-26T13:38:26
================================================================================
[2022-10-26 13:39:21,689] {manager.py:803} INFO - 
================================================================================
DAG File Processing Stats

File Path                     PID    Runtime      # DAGs    # Errors  Last Runtime    Last Run
----------------------------  -----  ---------  --------  ----------  --------------  -------------------
/opt/airflow/dags/dbt_dim.py                           1           0  0.16s           2022-10-26T13:38:58
/opt/airflow/dags/raw-dag.py                           1           0  0.18s           2022-10-26T13:38:56
================================================================================
[2022-10-26 13:39:51,826] {manager.py:803} INFO - 
================================================================================
DAG File Processing Stats

File Path                     PID    Runtime      # DAGs    # Errors  Last Runtime    Last Run
----------------------------  -----  ---------  --------  ----------  --------------  -------------------
/opt/airflow/dags/dbt_dim.py                           1           0  0.14s           2022-10-26T13:39:28
/opt/airflow/dags/raw-dag.py                           1           0  0.17s           2022-10-26T13:39:26
================================================================================
[2022-10-26 13:40:22,082] {manager.py:803} INFO - 
================================================================================
DAG File Processing Stats

File Path                     PID    Runtime      # DAGs    # Errors  Last Runtime    Last Run
----------------------------  -----  ---------  --------  ----------  --------------  -------------------
/opt/airflow/dags/dbt_dim.py                           1           0  0.14s           2022-10-26T13:39:59
/opt/airflow/dags/raw-dag.py                           1           0  0.19s           2022-10-26T13:39:57
================================================================================
[2022-10-26 13:40:46,393] {manager.py:684} INFO - Searching for files in /opt/airflow/dags
[2022-10-26 13:40:46,395] {manager.py:687} INFO - There are 2 files in /opt/airflow/dags
[2022-10-26 13:40:52,438] {manager.py:803} INFO - 
================================================================================
DAG File Processing Stats

File Path                     PID    Runtime      # DAGs    # Errors  Last Runtime    Last Run
----------------------------  -----  ---------  --------  ----------  --------------  -------------------
/opt/airflow/dags/dbt_dim.py                           1           0  0.13s           2022-10-26T13:40:29
/opt/airflow/dags/raw-dag.py                           1           0  0.13s           2022-10-26T13:40:27
================================================================================
[2022-10-26 13:41:22,671] {manager.py:803} INFO - 
================================================================================
DAG File Processing Stats

File Path                     PID    Runtime      # DAGs    # Errors  Last Runtime    Last Run
----------------------------  -----  ---------  --------  ----------  --------------  -------------------
/opt/airflow/dags/dbt_dim.py                           1           0  0.13s           2022-10-26T13:40:59
/opt/airflow/dags/raw-dag.py                           1           0  0.13s           2022-10-26T13:40:57
================================================================================
[2022-10-26 13:41:52,941] {manager.py:803} INFO - 
================================================================================
DAG File Processing Stats

File Path                     PID    Runtime      # DAGs    # Errors  Last Runtime    Last Run
----------------------------  -----  ---------  --------  ----------  --------------  -------------------
/opt/airflow/dags/dbt_dim.py                           1           0  0.15s           2022-10-26T13:41:29
/opt/airflow/dags/raw-dag.py                           1           0  0.17s           2022-10-26T13:41:27
================================================================================
[2022-10-26 13:42:23,182] {manager.py:803} INFO - 
================================================================================
DAG File Processing Stats

File Path                     PID    Runtime      # DAGs    # Errors  Last Runtime    Last Run
----------------------------  -----  ---------  --------  ----------  --------------  -------------------
/opt/airflow/dags/dbt_dim.py                           1           0  0.21s           2022-10-26T13:42:00
/opt/airflow/dags/raw-dag.py                           1           0  0.14s           2022-10-26T13:41:58
================================================================================
[2022-10-26 13:42:53,576] {manager.py:803} INFO - 
================================================================================
DAG File Processing Stats

File Path                     PID    Runtime      # DAGs    # Errors  Last Runtime    Last Run
----------------------------  -----  ---------  --------  ----------  --------------  -------------------
/opt/airflow/dags/dbt_dim.py                           1           0  0.27s           2022-10-26T13:42:52
/opt/airflow/dags/raw-dag.py                           1           0  0.18s           2022-10-26T13:42:28
================================================================================
[2022-10-26 13:43:23,973] {manager.py:803} INFO - 
================================================================================
DAG File Processing Stats

File Path                     PID    Runtime      # DAGs    # Errors  Last Runtime    Last Run
----------------------------  -----  ---------  --------  ----------  --------------  -------------------
/opt/airflow/dags/dbt_dim.py                           1           0  0.18s           2022-10-26T13:43:23
/opt/airflow/dags/raw-dag.py                           1           0  0.26s           2022-10-26T13:42:58
================================================================================
[2022-10-26 13:43:54,242] {manager.py:803} INFO - 
================================================================================
DAG File Processing Stats

File Path                     PID    Runtime      # DAGs    # Errors  Last Runtime    Last Run
----------------------------  -----  ---------  --------  ----------  --------------  -------------------
/opt/airflow/dags/dbt_dim.py                           1           0  0.13s           2022-10-26T13:43:53
/opt/airflow/dags/raw-dag.py                           1           0  0.18s           2022-10-26T13:43:29
================================================================================
[2022-10-26 13:44:24,460] {manager.py:803} INFO - 
================================================================================
DAG File Processing Stats

File Path                     PID    Runtime      # DAGs    # Errors  Last Runtime    Last Run
----------------------------  -----  ---------  --------  ----------  --------------  -------------------
/opt/airflow/dags/dbt_dim.py                           1           0  0.30s           2022-10-26T13:44:23
/opt/airflow/dags/raw-dag.py                           1           0  0.12s           2022-10-26T13:43:59
================================================================================
[2022-10-26 13:44:54,581] {manager.py:803} INFO - 
================================================================================
DAG File Processing Stats

File Path                       PID  Runtime      # DAGs    # Errors  Last Runtime    Last Run
----------------------------  -----  ---------  --------  ----------  --------------  -------------------
/opt/airflow/dags/dbt_dim.py    644  0.01s             1           0  0.30s           2022-10-26T13:44:23
/opt/airflow/dags/raw-dag.py                           1           0  0.15s           2022-10-26T13:44:29
================================================================================
[2022-10-26 13:45:24,809] {manager.py:803} INFO - 
================================================================================
DAG File Processing Stats

File Path                       PID  Runtime      # DAGs    # Errors  Last Runtime    Last Run
----------------------------  -----  ---------  --------  ----------  --------------  -------------------
/opt/airflow/dags/dbt_dim.py    654  0.00s             1           0  0.14s           2022-10-26T13:44:54
/opt/airflow/dags/raw-dag.py                           1           0  0.13s           2022-10-26T13:44:59
================================================================================
[2022-10-26 13:45:47,065] {manager.py:684} INFO - Searching for files in /opt/airflow/dags
[2022-10-26 13:45:47,075] {manager.py:687} INFO - There are 2 files in /opt/airflow/dags
[2022-10-26 13:45:55,134] {manager.py:803} INFO - 
================================================================================
DAG File Processing Stats

File Path                       PID  Runtime      # DAGs    # Errors  Last Runtime    Last Run
----------------------------  -----  ---------  --------  ----------  --------------  -------------------
/opt/airflow/dags/dbt_dim.py    664  0.00s             1           0  0.14s           2022-10-26T13:45:24
/opt/airflow/dags/raw-dag.py                           1           0  0.30s           2022-10-26T13:45:30
================================================================================
[2022-10-26 13:46:25,454] {manager.py:803} INFO - 
================================================================================
DAG File Processing Stats

File Path                       PID  Runtime      # DAGs    # Errors  Last Runtime    Last Run
----------------------------  -----  ---------  --------  ----------  --------------  -------------------
/opt/airflow/dags/dbt_dim.py    674  0.00s             1           0  0.21s           2022-10-26T13:45:55
/opt/airflow/dags/raw-dag.py                           1           0  0.17s           2022-10-26T13:46:00
================================================================================
[2022-10-26 13:46:55,712] {manager.py:803} INFO - 
================================================================================
DAG File Processing Stats

File Path                       PID  Runtime      # DAGs    # Errors  Last Runtime    Last Run
----------------------------  -----  ---------  --------  ----------  --------------  -------------------
/opt/airflow/dags/dbt_dim.py    684  0.01s             1           0  0.13s           2022-10-26T13:46:25
/opt/airflow/dags/raw-dag.py                           1           0  0.16s           2022-10-26T13:46:30
================================================================================
[2022-10-26 13:47:25,965] {manager.py:803} INFO - 
================================================================================
DAG File Processing Stats

File Path                       PID  Runtime      # DAGs    # Errors  Last Runtime    Last Run
----------------------------  -----  ---------  --------  ----------  --------------  -------------------
/opt/airflow/dags/dbt_dim.py    694  0.01s             1           0  0.15s           2022-10-26T13:46:55
/opt/airflow/dags/raw-dag.py                           1           0  0.13s           2022-10-26T13:47:00
================================================================================
[2022-10-26 13:47:56,222] {manager.py:803} INFO - 
================================================================================
DAG File Processing Stats

File Path                       PID  Runtime      # DAGs    # Errors  Last Runtime    Last Run
----------------------------  -----  ---------  --------  ----------  --------------  -------------------
/opt/airflow/dags/dbt_dim.py    704  0.01s             1           0  0.17s           2022-10-26T13:47:26
/opt/airflow/dags/raw-dag.py                           1           0  0.13s           2022-10-26T13:47:31
================================================================================
[2022-10-26 13:48:26,470] {manager.py:803} INFO - 
================================================================================
DAG File Processing Stats

File Path                       PID  Runtime      # DAGs    # Errors  Last Runtime    Last Run
----------------------------  -----  ---------  --------  ----------  --------------  -------------------
/opt/airflow/dags/dbt_dim.py    714  0.02s             1           0  0.14s           2022-10-26T13:47:56
/opt/airflow/dags/raw-dag.py                           1           0  0.20s           2022-10-26T13:48:01
================================================================================
[2022-10-26 13:48:56,829] {manager.py:803} INFO - 
================================================================================
DAG File Processing Stats

File Path                     PID    Runtime      # DAGs    # Errors  Last Runtime    Last Run
----------------------------  -----  ---------  --------  ----------  --------------  -------------------
/opt/airflow/dags/dbt_dim.py                           1           0  0.39s           2022-10-26T13:48:48
/opt/airflow/dags/raw-dag.py                           1           0  0.21s           2022-10-26T13:48:31
================================================================================
[2022-10-26 13:49:27,099] {manager.py:803} INFO - 
================================================================================
DAG File Processing Stats

File Path                     PID    Runtime      # DAGs    # Errors  Last Runtime    Last Run
----------------------------  -----  ---------  --------  ----------  --------------  -------------------
/opt/airflow/dags/dbt_dim.py                           1           0  0.28s           2022-10-26T13:49:19
/opt/airflow/dags/raw-dag.py                           1           0  0.16s           2022-10-26T13:49:02
================================================================================
[2022-10-26 13:49:57,405] {manager.py:803} INFO - 
================================================================================
DAG File Processing Stats

File Path                     PID    Runtime      # DAGs    # Errors  Last Runtime    Last Run
----------------------------  -----  ---------  --------  ----------  --------------  -------------------
/opt/airflow/dags/dbt_dim.py                           1           0  0.19s           2022-10-26T13:49:43
/opt/airflow/dags/raw-dag.py                           1           0  0.19s           2022-10-26T13:49:32
================================================================================
[2022-10-26 13:50:27,671] {manager.py:803} INFO - 
================================================================================
DAG File Processing Stats

File Path                     PID    Runtime      # DAGs    # Errors  Last Runtime    Last Run
----------------------------  -----  ---------  --------  ----------  --------------  -------------------
/opt/airflow/dags/dbt_dim.py                           1           0  0.16s           2022-10-26T13:50:13
/opt/airflow/dags/raw-dag.py                           1           0  0.15s           2022-10-26T13:50:02
================================================================================
[2022-10-26 13:50:47,923] {manager.py:684} INFO - Searching for files in /opt/airflow/dags
[2022-10-26 13:50:47,925] {manager.py:687} INFO - There are 2 files in /opt/airflow/dags
[2022-10-26 13:50:57,977] {manager.py:803} INFO - 
================================================================================
DAG File Processing Stats

File Path                     PID    Runtime      # DAGs    # Errors  Last Runtime    Last Run
----------------------------  -----  ---------  --------  ----------  --------------  -------------------
/opt/airflow/dags/dbt_dim.py                           1           0  0.20s           2022-10-26T13:50:43
/opt/airflow/dags/raw-dag.py                           1           0  0.19s           2022-10-26T13:50:32
================================================================================
[2022-10-26 13:51:28,231] {manager.py:803} INFO - 
================================================================================
DAG File Processing Stats

File Path                     PID    Runtime      # DAGs    # Errors  Last Runtime    Last Run
----------------------------  -----  ---------  --------  ----------  --------------  -------------------
/opt/airflow/dags/dbt_dim.py                           1           0  0.26s           2022-10-26T13:51:06
/opt/airflow/dags/raw-dag.py                           1           0  0.14s           2022-10-26T13:51:03
================================================================================
[2022-10-26 13:51:32,182] {manager.py:455} INFO - Exiting gracefully upon receiving signal 15
[2022-10-26 14:24:40,279] {manager.py:474} INFO - Processing files using up to 2 processes at a time 
[2022-10-26 14:24:40,279] {manager.py:475} INFO - Process each file at most once every 30 seconds
[2022-10-26 14:24:40,279] {manager.py:477} INFO - Checking for new files in /opt/airflow/dags every 300 seconds
[2022-10-26 14:24:40,280] {manager.py:684} INFO - Searching for files in /opt/airflow/dags
[2022-10-26 14:24:40,283] {manager.py:687} INFO - There are 2 files in /opt/airflow/dags
[2022-10-26 14:24:40,468] {manager.py:803} INFO - 
================================================================================
DAG File Processing Stats

File Path                       PID  Runtime      # DAGs    # Errors  Last Runtime    Last Run
----------------------------  -----  ---------  --------  ----------  --------------  ----------
/opt/airflow/dags/dbt_dim.py    183  0.07s             0           0
/opt/airflow/dags/raw-dag.py    185  0.05s             0           0
================================================================================
[2022-10-26 14:25:11,140] {manager.py:803} INFO - 
================================================================================
DAG File Processing Stats

File Path                       PID  Runtime      # DAGs    # Errors  Last Runtime    Last Run
----------------------------  -----  ---------  --------  ----------  --------------  -------------------
/opt/airflow/dags/dbt_dim.py    194  0.02s             1           0  0.64s           2022-10-26T14:24:41
/opt/airflow/dags/raw-dag.py    197  0.01s             1           0  0.59s           2022-10-26T14:24:41
================================================================================
[2022-10-26 14:25:41,680] {manager.py:803} INFO - 
================================================================================
DAG File Processing Stats

File Path                       PID  Runtime      # DAGs    # Errors  Last Runtime    Last Run
----------------------------  -----  ---------  --------  ----------  --------------  -------------------
/opt/airflow/dags/dbt_dim.py    204  0.01s             1           0  0.44s           2022-10-26T14:25:11
/opt/airflow/dags/raw-dag.py    207  0.01s             1           0  0.42s           2022-10-26T14:25:11
================================================================================
[2022-10-26 14:26:12,146] {manager.py:803} INFO - 
================================================================================
DAG File Processing Stats

File Path                       PID  Runtime      # DAGs    # Errors  Last Runtime    Last Run
----------------------------  -----  ---------  --------  ----------  --------------  -------------------
/opt/airflow/dags/dbt_dim.py    214  0.01s             1           0  0.35s           2022-10-26T14:25:42
/opt/airflow/dags/raw-dag.py    216  0.00s             1           0  0.36s           2022-10-26T14:25:42
================================================================================
[2022-10-26 14:26:42,410] {manager.py:803} INFO - 
================================================================================
DAG File Processing Stats

File Path                       PID  Runtime      # DAGs    # Errors  Last Runtime    Last Run
----------------------------  -----  ---------  --------  ----------  --------------  -------------------
/opt/airflow/dags/dbt_dim.py    224  0.02s             1           0  0.15s           2022-10-26T14:26:12
/opt/airflow/dags/raw-dag.py    227  0.01s             1           0  0.14s           2022-10-26T14:26:12
================================================================================
[2022-10-26 14:27:12,690] {manager.py:803} INFO - 
================================================================================
DAG File Processing Stats

File Path                       PID  Runtime      # DAGs    # Errors  Last Runtime    Last Run
----------------------------  -----  ---------  --------  ----------  --------------  -------------------
/opt/airflow/dags/dbt_dim.py    234  0.02s             1           0  0.18s           2022-10-26T14:26:42
/opt/airflow/dags/raw-dag.py    236  0.01s             1           0  0.17s           2022-10-26T14:26:42
================================================================================
[2022-10-26 14:27:43,021] {manager.py:803} INFO - 
================================================================================
DAG File Processing Stats

File Path                       PID  Runtime      # DAGs    # Errors  Last Runtime    Last Run
----------------------------  -----  ---------  --------  ----------  --------------  -------------------
/opt/airflow/dags/dbt_dim.py    274  0.01s             1           0  0.21s           2022-10-26T14:27:12
/opt/airflow/dags/raw-dag.py    277  0.01s             1           0  0.19s           2022-10-26T14:27:12
================================================================================
[2022-10-26 14:28:13,120] {manager.py:803} INFO - 
================================================================================
DAG File Processing Stats

File Path                     PID    Runtime      # DAGs    # Errors  Last Runtime    Last Run
----------------------------  -----  ---------  --------  ----------  --------------  -------------------
/opt/airflow/dags/dbt_dim.py                           1           0  0.15s           2022-10-26T14:27:43
/opt/airflow/dags/raw-dag.py                           1           0  0.15s           2022-10-26T14:27:43
================================================================================
[2022-10-26 14:28:43,341] {manager.py:803} INFO - 
================================================================================
DAG File Processing Stats

File Path                     PID    Runtime      # DAGs    # Errors  Last Runtime    Last Run
----------------------------  -----  ---------  --------  ----------  --------------  -------------------
/opt/airflow/dags/dbt_dim.py                           1           0  0.20s           2022-10-26T14:28:13
/opt/airflow/dags/raw-dag.py                           1           0  0.19s           2022-10-26T14:28:13
================================================================================
[2022-10-26 14:29:13,783] {manager.py:803} INFO - 
================================================================================
DAG File Processing Stats

File Path                       PID  Runtime      # DAGs    # Errors  Last Runtime    Last Run
----------------------------  -----  ---------  --------  ----------  --------------  -------------------
/opt/airflow/dags/dbt_dim.py    345  0.01s             1           0  0.16s           2022-10-26T14:28:43
/opt/airflow/dags/raw-dag.py    348  0.01s             1           0  0.14s           2022-10-26T14:28:43
================================================================================
[2022-10-26 14:29:41,012] {manager.py:684} INFO - Searching for files in /opt/airflow/dags
[2022-10-26 14:29:41,022] {manager.py:687} INFO - There are 2 files in /opt/airflow/dags
[2022-10-26 14:29:44,122] {manager.py:803} INFO - 
================================================================================
DAG File Processing Stats

File Path                       PID  Runtime      # DAGs    # Errors  Last Runtime    Last Run
----------------------------  -----  ---------  --------  ----------  --------------  -------------------
/opt/airflow/dags/dbt_dim.py    367  0.05s             1           0  0.15s           2022-10-26T14:29:13
/opt/airflow/dags/raw-dag.py    370  0.01s             1           0  0.16s           2022-10-26T14:29:13
================================================================================
[2022-10-26 14:30:14,375] {manager.py:803} INFO - 
================================================================================
DAG File Processing Stats

File Path                       PID  Runtime      # DAGs    # Errors  Last Runtime    Last Run
----------------------------  -----  ---------  --------  ----------  --------------  -------------------
/opt/airflow/dags/dbt_dim.py    377  0.01s             1           0  0.23s           2022-10-26T14:29:44
/opt/airflow/dags/raw-dag.py    380  0.01s             1           0  0.15s           2022-10-26T14:29:44
================================================================================
[2022-10-26 14:30:44,666] {manager.py:803} INFO - 
================================================================================
DAG File Processing Stats

File Path                       PID  Runtime      # DAGs    # Errors  Last Runtime    Last Run
----------------------------  -----  ---------  --------  ----------  --------------  -------------------
/opt/airflow/dags/dbt_dim.py    387  0.02s             1           0  0.17s           2022-10-26T14:30:14
/opt/airflow/dags/raw-dag.py    390  0.01s             1           0  0.16s           2022-10-26T14:30:14
================================================================================
[2022-10-26 14:31:14,999] {manager.py:803} INFO - 
================================================================================
DAG File Processing Stats

File Path                       PID  Runtime      # DAGs    # Errors  Last Runtime    Last Run
----------------------------  -----  ---------  --------  ----------  --------------  -------------------
/opt/airflow/dags/dbt_dim.py    416  0.01s             1           0  0.24s           2022-10-26T14:30:44
/opt/airflow/dags/raw-dag.py    419  0.00s             1           0  0.23s           2022-10-26T14:30:44
================================================================================
[2022-10-26 14:31:45,440] {manager.py:803} INFO - 
================================================================================
DAG File Processing Stats

File Path                       PID  Runtime      # DAGs    # Errors  Last Runtime    Last Run
----------------------------  -----  ---------  --------  ----------  --------------  -------------------
/opt/airflow/dags/dbt_dim.py    426  0.01s             1           0  0.31s           2022-10-26T14:31:15
/opt/airflow/dags/raw-dag.py    429  0.01s             1           0  0.30s           2022-10-26T14:31:15
================================================================================
[2022-10-26 14:32:15,696] {manager.py:803} INFO - 
================================================================================
DAG File Processing Stats

File Path                       PID  Runtime      # DAGs    # Errors  Last Runtime    Last Run
----------------------------  -----  ---------  --------  ----------  --------------  -------------------
/opt/airflow/dags/dbt_dim.py    436  0.01s             1           0  0.16s           2022-10-26T14:31:45
/opt/airflow/dags/raw-dag.py    439  0.00s             1           0  0.15s           2022-10-26T14:31:45
================================================================================
[2022-10-26 14:32:45,982] {manager.py:803} INFO - 
================================================================================
DAG File Processing Stats

File Path                       PID  Runtime      # DAGs    # Errors  Last Runtime    Last Run
----------------------------  -----  ---------  --------  ----------  --------------  -------------------
/opt/airflow/dags/dbt_dim.py    446  0.01s             1           0  0.16s           2022-10-26T14:32:15
/opt/airflow/dags/raw-dag.py    449  0.00s             1           0  0.15s           2022-10-26T14:32:15
================================================================================
[2022-10-26 14:33:16,254] {manager.py:803} INFO - 
================================================================================
DAG File Processing Stats

File Path                       PID  Runtime      # DAGs    # Errors  Last Runtime    Last Run
----------------------------  -----  ---------  --------  ----------  --------------  -------------------
/opt/airflow/dags/dbt_dim.py    456  0.01s             1           0  0.16s           2022-10-26T14:32:46
/opt/airflow/dags/raw-dag.py    459  0.00s             1           0  0.15s           2022-10-26T14:32:46
================================================================================
[2022-10-26 14:33:46,510] {manager.py:803} INFO - 
================================================================================
DAG File Processing Stats

File Path                       PID  Runtime      # DAGs    # Errors  Last Runtime    Last Run
----------------------------  -----  ---------  --------  ----------  --------------  -------------------
/opt/airflow/dags/dbt_dim.py    466  0.01s             1           0  0.14s           2022-10-26T14:33:16
/opt/airflow/dags/raw-dag.py    469  0.01s             1           0  0.13s           2022-10-26T14:33:16
================================================================================
[2022-10-26 14:34:16,850] {manager.py:803} INFO - 
================================================================================
DAG File Processing Stats

File Path                       PID  Runtime      # DAGs    # Errors  Last Runtime    Last Run
----------------------------  -----  ---------  --------  ----------  --------------  -------------------
/opt/airflow/dags/dbt_dim.py    476  0.01s             1           0  0.24s           2022-10-26T14:33:46
/opt/airflow/dags/raw-dag.py    479  0.01s             1           0  0.25s           2022-10-26T14:33:46
================================================================================
[2022-10-26 14:34:41,084] {manager.py:684} INFO - Searching for files in /opt/airflow/dags
[2022-10-26 14:34:41,086] {manager.py:687} INFO - There are 2 files in /opt/airflow/dags
[2022-10-26 14:34:47,140] {manager.py:803} INFO - 
================================================================================
DAG File Processing Stats

File Path                       PID  Runtime      # DAGs    # Errors  Last Runtime    Last Run
----------------------------  -----  ---------  --------  ----------  --------------  -------------------
/opt/airflow/dags/dbt_dim.py    486  0.02s             1           0  0.17s           2022-10-26T14:34:17
/opt/airflow/dags/raw-dag.py    488  0.01s             1           0  0.16s           2022-10-26T14:34:17
================================================================================
[2022-10-26 14:35:17,418] {manager.py:803} INFO - 
================================================================================
DAG File Processing Stats

File Path                       PID  Runtime      # DAGs    # Errors  Last Runtime    Last Run
----------------------------  -----  ---------  --------  ----------  --------------  -------------------
/opt/airflow/dags/dbt_dim.py    496  0.02s             1           0  0.19s           2022-10-26T14:34:47
/opt/airflow/dags/raw-dag.py    499  0.01s             1           0  0.17s           2022-10-26T14:34:47
================================================================================
[2022-10-26 14:35:47,740] {manager.py:803} INFO - 
================================================================================
DAG File Processing Stats

File Path                       PID  Runtime      # DAGs    # Errors  Last Runtime    Last Run
----------------------------  -----  ---------  --------  ----------  --------------  -------------------
/opt/airflow/dags/dbt_dim.py    506  0.02s             1           0  0.21s           2022-10-26T14:35:17
/opt/airflow/dags/raw-dag.py    509  0.01s             1           0  0.20s           2022-10-26T14:35:17
================================================================================
[2022-10-26 14:36:00,239] {manager.py:455} INFO - Exiting gracefully upon receiving signal 15
[2022-10-26 14:43:15,395] {manager.py:474} INFO - Processing files using up to 2 processes at a time 
[2022-10-26 14:43:15,396] {manager.py:475} INFO - Process each file at most once every 30 seconds
[2022-10-26 14:43:15,396] {manager.py:477} INFO - Checking for new files in /opt/airflow/dags every 300 seconds
[2022-10-26 14:43:15,396] {manager.py:684} INFO - Searching for files in /opt/airflow/dags
[2022-10-26 14:43:15,399] {manager.py:687} INFO - There are 2 files in /opt/airflow/dags
[2022-10-26 14:43:15,570] {manager.py:803} INFO - 
================================================================================
DAG File Processing Stats

File Path                       PID  Runtime      # DAGs    # Errors  Last Runtime    Last Run
----------------------------  -----  ---------  --------  ----------  --------------  ----------
/opt/airflow/dags/dbt_dim.py    182  0.08s             0           0
/opt/airflow/dags/raw-dag.py    184  0.08s             0           0
================================================================================
[2022-10-26 14:43:46,026] {manager.py:803} INFO - 
================================================================================
DAG File Processing Stats

File Path                       PID  Runtime      # DAGs    # Errors  Last Runtime    Last Run
----------------------------  -----  ---------  --------  ----------  --------------  -------------------
/opt/airflow/dags/dbt_dim.py    193  0.06s             1           0  0.38s           2022-10-26T14:43:15
/opt/airflow/dags/raw-dag.py    196  0.02s             1           0  0.39s           2022-10-26T14:43:15
================================================================================
[2022-10-26 14:44:16,624] {manager.py:803} INFO - 
================================================================================
DAG File Processing Stats

File Path                       PID  Runtime      # DAGs    # Errors  Last Runtime    Last Run
----------------------------  -----  ---------  --------  ----------  --------------  -------------------
/opt/airflow/dags/dbt_dim.py    203  0.01s             1           0  0.53s           2022-10-26T14:43:46
/opt/airflow/dags/raw-dag.py    206  0.01s             1           0  0.48s           2022-10-26T14:43:46
================================================================================
[2022-10-26 14:44:47,025] {manager.py:803} INFO - 
================================================================================
DAG File Processing Stats

File Path                       PID  Runtime      # DAGs    # Errors  Last Runtime    Last Run
----------------------------  -----  ---------  --------  ----------  --------------  -------------------
/opt/airflow/dags/dbt_dim.py    213  0.01s             1           0  0.30s           2022-10-26T14:44:16
/opt/airflow/dags/raw-dag.py    216  0.00s             1           0  0.31s           2022-10-26T14:44:16
================================================================================
[2022-10-26 14:45:17,309] {manager.py:803} INFO - 
================================================================================
DAG File Processing Stats

File Path                       PID  Runtime      # DAGs    # Errors  Last Runtime    Last Run
----------------------------  -----  ---------  --------  ----------  --------------  -------------------
/opt/airflow/dags/dbt_dim.py    223  0.01s             1           0  0.17s           2022-10-26T14:44:47
/opt/airflow/dags/raw-dag.py    226  0.00s             1           0  0.15s           2022-10-26T14:44:47
================================================================================
[2022-10-26 14:45:47,565] {manager.py:803} INFO - 
================================================================================
DAG File Processing Stats

File Path                       PID  Runtime      # DAGs    # Errors  Last Runtime    Last Run
----------------------------  -----  ---------  --------  ----------  --------------  -------------------
/opt/airflow/dags/dbt_dim.py    233  0.01s             1           0  0.16s           2022-10-26T14:45:17
/opt/airflow/dags/raw-dag.py    236  0.01s             1           0  0.14s           2022-10-26T14:45:17
================================================================================
[2022-10-26 14:46:17,846] {manager.py:803} INFO - 
================================================================================
DAG File Processing Stats

File Path                       PID  Runtime      # DAGs    # Errors  Last Runtime    Last Run
----------------------------  -----  ---------  --------  ----------  --------------  -------------------
/opt/airflow/dags/dbt_dim.py    243  0.01s             1           0  0.16s           2022-10-26T14:45:47
/opt/airflow/dags/raw-dag.py    246  0.00s             1           0  0.15s           2022-10-26T14:45:47
================================================================================
[2022-10-26 14:46:48,111] {manager.py:803} INFO - 
================================================================================
DAG File Processing Stats

File Path                       PID  Runtime      # DAGs    # Errors  Last Runtime    Last Run
----------------------------  -----  ---------  --------  ----------  --------------  -------------------
/opt/airflow/dags/dbt_dim.py    253  0.01s             1           0  0.14s           2022-10-26T14:46:17
/opt/airflow/dags/raw-dag.py    256  0.01s             1           0  0.13s           2022-10-26T14:46:17
================================================================================
[2022-10-26 14:47:18,429] {manager.py:803} INFO - 
================================================================================
DAG File Processing Stats

File Path                       PID  Runtime      # DAGs    # Errors  Last Runtime    Last Run
----------------------------  -----  ---------  --------  ----------  --------------  -------------------
/opt/airflow/dags/dbt_dim.py    263  0.03s             1           0  0.20s           2022-10-26T14:46:48
/opt/airflow/dags/raw-dag.py    265  0.01s             1           0  0.18s           2022-10-26T14:46:48
================================================================================
[2022-10-26 14:47:48,703] {manager.py:803} INFO - 
================================================================================
DAG File Processing Stats

File Path                       PID  Runtime      # DAGs    # Errors  Last Runtime    Last Run
----------------------------  -----  ---------  --------  ----------  --------------  -------------------
/opt/airflow/dags/dbt_dim.py    293  0.01s             1           0  0.20s           2022-10-26T14:47:18
/opt/airflow/dags/raw-dag.py    295  0.01s             1           0  0.17s           2022-10-26T14:47:18
================================================================================
[2022-10-26 14:48:16,037] {manager.py:684} INFO - Searching for files in /opt/airflow/dags
[2022-10-26 14:48:16,038] {manager.py:687} INFO - There are 2 files in /opt/airflow/dags
[2022-10-26 14:48:19,080] {manager.py:803} INFO - 
================================================================================
DAG File Processing Stats

File Path                       PID  Runtime      # DAGs    # Errors  Last Runtime    Last Run
----------------------------  -----  ---------  --------  ----------  --------------  -------------------
/opt/airflow/dags/dbt_dim.py    319  0.01s             1           0  0.30s           2022-10-26T14:47:48
/opt/airflow/dags/raw-dag.py    321  0.01s             1           0  0.26s           2022-10-26T14:47:48
================================================================================
[2022-10-26 14:48:49,472] {manager.py:803} INFO - 
================================================================================
DAG File Processing Stats

File Path                       PID  Runtime      # DAGs    # Errors  Last Runtime    Last Run
----------------------------  -----  ---------  --------  ----------  --------------  -------------------
/opt/airflow/dags/dbt_dim.py    333  0.02s             1           0  0.30s           2022-10-26T14:48:19
/opt/airflow/dags/raw-dag.py    336  0.01s             1           0  0.27s           2022-10-26T14:48:19
================================================================================
[2022-10-26 14:49:19,728] {manager.py:803} INFO - 
================================================================================
DAG File Processing Stats

File Path                       PID  Runtime      # DAGs    # Errors  Last Runtime    Last Run
----------------------------  -----  ---------  --------  ----------  --------------  -------------------
/opt/airflow/dags/dbt_dim.py    343  0.01s             1           0  0.15s           2022-10-26T14:48:49
/opt/airflow/dags/raw-dag.py    346  0.00s             1           0  0.13s           2022-10-26T14:48:49
================================================================================
[2022-10-26 14:49:49,991] {manager.py:803} INFO - 
================================================================================
DAG File Processing Stats

File Path                       PID  Runtime      # DAGs    # Errors  Last Runtime    Last Run
----------------------------  -----  ---------  --------  ----------  --------------  -------------------
/opt/airflow/dags/dbt_dim.py    363  0.01s             1           0  0.15s           2022-10-26T14:49:19
/opt/airflow/dags/raw-dag.py    366  0.00s             1           0  0.14s           2022-10-26T14:49:19
================================================================================
[2022-10-26 14:50:20,311] {manager.py:803} INFO - 
================================================================================
DAG File Processing Stats

File Path                       PID  Runtime      # DAGs    # Errors  Last Runtime    Last Run
----------------------------  -----  ---------  --------  ----------  --------------  -------------------
/opt/airflow/dags/dbt_dim.py    373  0.01s             1           0  0.21s           2022-10-26T14:49:50
/opt/airflow/dags/raw-dag.py    376  0.01s             1           0  0.19s           2022-10-26T14:49:50
================================================================================
[2022-10-26 14:50:50,676] {manager.py:803} INFO - 
================================================================================
DAG File Processing Stats

File Path                       PID  Runtime      # DAGs    # Errors  Last Runtime    Last Run
----------------------------  -----  ---------  --------  ----------  --------------  -------------------
/opt/airflow/dags/dbt_dim.py    383  0.03s             1           0  0.24s           2022-10-26T14:50:20
/opt/airflow/dags/raw-dag.py    386  0.01s             1           0  0.22s           2022-10-26T14:50:20
================================================================================
[2022-10-26 14:51:20,960] {manager.py:803} INFO - 
================================================================================
DAG File Processing Stats

File Path                       PID  Runtime      # DAGs    # Errors  Last Runtime    Last Run
----------------------------  -----  ---------  --------  ----------  --------------  -------------------
/opt/airflow/dags/dbt_dim.py    393  0.01s             1           0  0.19s           2022-10-26T14:50:50
/opt/airflow/dags/raw-dag.py    396  0.01s             1           0  0.17s           2022-10-26T14:50:50
================================================================================
[2022-10-26 14:51:51,208] {manager.py:803} INFO - 
================================================================================
DAG File Processing Stats

File Path                       PID  Runtime      # DAGs    # Errors  Last Runtime    Last Run
----------------------------  -----  ---------  --------  ----------  --------------  -------------------
/opt/airflow/dags/dbt_dim.py    403  0.01s             1           0  0.16s           2022-10-26T14:51:21
/opt/airflow/dags/raw-dag.py    406  0.01s             1           0  0.15s           2022-10-26T14:51:21
================================================================================
[2022-10-26 14:52:21,469] {manager.py:803} INFO - 
================================================================================
DAG File Processing Stats

File Path                       PID  Runtime      # DAGs    # Errors  Last Runtime    Last Run
----------------------------  -----  ---------  --------  ----------  --------------  -------------------
/opt/airflow/dags/dbt_dim.py    413  0.01s             1           0  0.15s           2022-10-26T14:51:51
/opt/airflow/dags/raw-dag.py    416  0.01s             1           0  0.14s           2022-10-26T14:51:51
================================================================================
[2022-10-26 14:52:52,037] {manager.py:803} INFO - 
================================================================================
DAG File Processing Stats

File Path                       PID  Runtime      # DAGs    # Errors  Last Runtime    Last Run
----------------------------  -----  ---------  --------  ----------  --------------  -------------------
/opt/airflow/dags/dbt_dim.py    423  0.02s             1           0  0.52s           2022-10-26T14:52:21
/opt/airflow/dags/raw-dag.py    426  0.01s             1           0  0.47s           2022-10-26T14:52:21
================================================================================
[2022-10-26 14:53:16,425] {manager.py:684} INFO - Searching for files in /opt/airflow/dags
[2022-10-26 14:53:16,427] {manager.py:687} INFO - There are 2 files in /opt/airflow/dags
[2022-10-26 14:53:22,484] {manager.py:803} INFO - 
================================================================================
DAG File Processing Stats

File Path                       PID  Runtime      # DAGs    # Errors  Last Runtime    Last Run
----------------------------  -----  ---------  --------  ----------  --------------  -------------------
/opt/airflow/dags/dbt_dim.py    433  0.01s             1           0  0.35s           2022-10-26T14:52:52
/opt/airflow/dags/raw-dag.py    436  0.01s             1           0  0.37s           2022-10-26T14:52:52
================================================================================
[2022-10-26 14:53:52,748] {manager.py:803} INFO - 
================================================================================
DAG File Processing Stats

File Path                       PID  Runtime      # DAGs    # Errors  Last Runtime    Last Run
----------------------------  -----  ---------  --------  ----------  --------------  -------------------
/opt/airflow/dags/dbt_dim.py    443  0.02s             1           0  0.19s           2022-10-26T14:53:22
/opt/airflow/dags/raw-dag.py    446  0.01s             1           0  0.18s           2022-10-26T14:53:22
================================================================================
[2022-10-26 14:54:23,095] {manager.py:803} INFO - 
================================================================================
DAG File Processing Stats

File Path                       PID  Runtime      # DAGs    # Errors  Last Runtime    Last Run
----------------------------  -----  ---------  --------  ----------  --------------  -------------------
/opt/airflow/dags/dbt_dim.py    453  0.02s             1           0  0.25s           2022-10-26T14:53:52
/opt/airflow/dags/raw-dag.py    456  0.01s             1           0  0.23s           2022-10-26T14:53:52
================================================================================
[2022-10-26 14:54:53,393] {manager.py:803} INFO - 
================================================================================
DAG File Processing Stats

File Path                       PID  Runtime      # DAGs    # Errors  Last Runtime    Last Run
----------------------------  -----  ---------  --------  ----------  --------------  -------------------
/opt/airflow/dags/dbt_dim.py    463  0.04s             1           0  0.16s           2022-10-26T14:54:23
/opt/airflow/dags/raw-dag.py    466  0.01s             1           0  0.15s           2022-10-26T14:54:23
================================================================================
[2022-10-26 14:55:23,823] {manager.py:803} INFO - 
================================================================================
DAG File Processing Stats

File Path                       PID  Runtime      # DAGs    # Errors  Last Runtime    Last Run
----------------------------  -----  ---------  --------  ----------  --------------  -------------------
/opt/airflow/dags/dbt_dim.py    473  0.01s             1           0  0.38s           2022-10-26T14:54:53
/opt/airflow/dags/raw-dag.py    476  0.01s             1           0  0.33s           2022-10-26T14:54:53
================================================================================
[2022-10-26 14:55:54,103] {manager.py:803} INFO - 
================================================================================
DAG File Processing Stats

File Path                       PID  Runtime      # DAGs    # Errors  Last Runtime    Last Run
----------------------------  -----  ---------  --------  ----------  --------------  -------------------
/opt/airflow/dags/dbt_dim.py    483  0.01s             1           0  0.17s           2022-10-26T14:55:23
/opt/airflow/dags/raw-dag.py    486  0.01s             1           0  0.15s           2022-10-26T14:55:23
================================================================================
[2022-10-26 14:56:24,393] {manager.py:803} INFO - 
================================================================================
DAG File Processing Stats

File Path                       PID  Runtime      # DAGs    # Errors  Last Runtime    Last Run
----------------------------  -----  ---------  --------  ----------  --------------  -------------------
/opt/airflow/dags/dbt_dim.py    493  0.03s             1           0  0.17s           2022-10-26T14:55:54
/opt/airflow/dags/raw-dag.py    495  0.01s             1           0  0.16s           2022-10-26T14:55:54
================================================================================
[2022-10-26 14:56:54,640] {manager.py:803} INFO - 
================================================================================
DAG File Processing Stats

File Path                       PID  Runtime      # DAGs    # Errors  Last Runtime    Last Run
----------------------------  -----  ---------  --------  ----------  --------------  -------------------
/opt/airflow/dags/dbt_dim.py    503  0.02s             1           0  0.17s           2022-10-26T14:56:24
/opt/airflow/dags/raw-dag.py    506  0.01s             1           0  0.14s           2022-10-26T14:56:24
================================================================================
[2022-10-26 14:57:24,924] {manager.py:803} INFO - 
================================================================================
DAG File Processing Stats

File Path                       PID  Runtime      # DAGs    # Errors  Last Runtime    Last Run
----------------------------  -----  ---------  --------  ----------  --------------  -------------------
/opt/airflow/dags/dbt_dim.py    513  0.02s             1           0  0.17s           2022-10-26T14:56:54
/opt/airflow/dags/raw-dag.py    516  0.01s             1           0  0.15s           2022-10-26T14:56:54
================================================================================
[2022-10-26 14:57:55,238] {manager.py:803} INFO - 
================================================================================
DAG File Processing Stats

File Path                       PID  Runtime      # DAGs    # Errors  Last Runtime    Last Run
----------------------------  -----  ---------  --------  ----------  --------------  -------------------
/opt/airflow/dags/dbt_dim.py    523  0.01s             1           0  0.26s           2022-10-26T14:57:25
/opt/airflow/dags/raw-dag.py    526  0.01s             1           0  0.18s           2022-10-26T14:57:25
================================================================================
[2022-10-26 14:58:16,499] {manager.py:684} INFO - Searching for files in /opt/airflow/dags
[2022-10-26 14:58:16,501] {manager.py:687} INFO - There are 2 files in /opt/airflow/dags
[2022-10-26 14:58:25,582] {manager.py:803} INFO - 
================================================================================
DAG File Processing Stats

File Path                       PID  Runtime      # DAGs    # Errors  Last Runtime    Last Run
----------------------------  -----  ---------  --------  ----------  --------------  -------------------
/opt/airflow/dags/dbt_dim.py    533  0.02s             1           0  0.21s           2022-10-26T14:57:55
/opt/airflow/dags/raw-dag.py    535  0.01s             1           0  0.21s           2022-10-26T14:57:55
================================================================================
[2022-10-26 14:58:55,833] {manager.py:803} INFO - 
================================================================================
DAG File Processing Stats

File Path                       PID  Runtime      # DAGs    # Errors  Last Runtime    Last Run
----------------------------  -----  ---------  --------  ----------  --------------  -------------------
/opt/airflow/dags/dbt_dim.py    543  0.01s             1           0  0.18s           2022-10-26T14:58:25
/opt/airflow/dags/raw-dag.py    546  0.00s             1           0  0.15s           2022-10-26T14:58:25
================================================================================
[2022-10-26 14:59:26,094] {manager.py:803} INFO - 
================================================================================
DAG File Processing Stats

File Path                       PID  Runtime      # DAGs    # Errors  Last Runtime    Last Run
----------------------------  -----  ---------  --------  ----------  --------------  -------------------
/opt/airflow/dags/dbt_dim.py    553  0.01s             1           0  0.14s           2022-10-26T14:58:55
/opt/airflow/dags/raw-dag.py    556  0.00s             1           0  0.14s           2022-10-26T14:58:55
================================================================================
[2022-10-26 14:59:56,338] {manager.py:803} INFO - 
================================================================================
DAG File Processing Stats

File Path                       PID  Runtime      # DAGs    # Errors  Last Runtime    Last Run
----------------------------  -----  ---------  --------  ----------  --------------  -------------------
/opt/airflow/dags/dbt_dim.py    563  0.01s             1           0  0.16s           2022-10-26T14:59:26
/opt/airflow/dags/raw-dag.py    566  0.00s             1           0  0.15s           2022-10-26T14:59:26
================================================================================
[2022-10-26 15:00:26,613] {manager.py:803} INFO - 
================================================================================
DAG File Processing Stats

File Path                       PID  Runtime      # DAGs    # Errors  Last Runtime    Last Run
----------------------------  -----  ---------  --------  ----------  --------------  -------------------
/opt/airflow/dags/dbt_dim.py    573  0.01s             1           0  0.15s           2022-10-26T14:59:56
/opt/airflow/dags/raw-dag.py    576  0.01s             1           0  0.14s           2022-10-26T14:59:56
================================================================================
[2022-10-26 15:00:56,945] {manager.py:803} INFO - 
================================================================================
DAG File Processing Stats

File Path                       PID  Runtime      # DAGs    # Errors  Last Runtime    Last Run
----------------------------  -----  ---------  --------  ----------  --------------  -------------------
/opt/airflow/dags/dbt_dim.py    583  0.02s             1           0  0.22s           2022-10-26T15:00:26
/opt/airflow/dags/raw-dag.py    586  0.01s             1           0  0.27s           2022-10-26T15:00:26
================================================================================
[2022-10-26 15:01:27,321] {manager.py:803} INFO - 
================================================================================
DAG File Processing Stats

File Path                       PID  Runtime      # DAGs    # Errors  Last Runtime    Last Run
----------------------------  -----  ---------  --------  ----------  --------------  -------------------
/opt/airflow/dags/dbt_dim.py    593  0.04s             1           0  0.25s           2022-10-26T15:00:57
/opt/airflow/dags/raw-dag.py    595  0.02s             1           0  0.24s           2022-10-26T15:00:57
================================================================================
[2022-10-26 15:01:57,585] {manager.py:803} INFO - 
================================================================================
DAG File Processing Stats

File Path                       PID  Runtime      # DAGs    # Errors  Last Runtime    Last Run
----------------------------  -----  ---------  --------  ----------  --------------  -------------------
/opt/airflow/dags/dbt_dim.py    603  0.02s             1           0  0.19s           2022-10-26T15:01:27
/opt/airflow/dags/raw-dag.py    606  0.01s             1           0  0.16s           2022-10-26T15:01:27
================================================================================
[2022-10-26 15:02:27,885] {manager.py:803} INFO - 
================================================================================
DAG File Processing Stats

File Path                       PID  Runtime      # DAGs    # Errors  Last Runtime    Last Run
----------------------------  -----  ---------  --------  ----------  --------------  -------------------
/opt/airflow/dags/dbt_dim.py    613  0.03s             1           0  0.15s           2022-10-26T15:01:57
/opt/airflow/dags/raw-dag.py    616  0.01s             1           0  0.14s           2022-10-26T15:01:57
================================================================================
[2022-10-26 15:02:58,156] {manager.py:803} INFO - 
================================================================================
DAG File Processing Stats

File Path                       PID  Runtime      # DAGs    # Errors  Last Runtime    Last Run
----------------------------  -----  ---------  --------  ----------  --------------  -------------------
/opt/airflow/dags/dbt_dim.py    623  0.01s             1           0  0.20s           2022-10-26T15:02:28
/opt/airflow/dags/raw-dag.py    626  0.00s             1           0  0.18s           2022-10-26T15:02:28
================================================================================
[2022-10-26 15:03:17,347] {manager.py:684} INFO - Searching for files in /opt/airflow/dags
[2022-10-26 15:03:17,351] {manager.py:687} INFO - There are 2 files in /opt/airflow/dags
[2022-10-26 15:03:28,436] {manager.py:803} INFO - 
================================================================================
DAG File Processing Stats

File Path                       PID  Runtime      # DAGs    # Errors  Last Runtime    Last Run
----------------------------  -----  ---------  --------  ----------  --------------  -------------------
/opt/airflow/dags/dbt_dim.py    633  0.01s             1           0  0.15s           2022-10-26T15:02:58
/opt/airflow/dags/raw-dag.py    636  0.00s             1           0  0.14s           2022-10-26T15:02:58
================================================================================
[2022-10-26 15:03:58,704] {manager.py:803} INFO - 
================================================================================
DAG File Processing Stats

File Path                       PID  Runtime      # DAGs    # Errors  Last Runtime    Last Run
----------------------------  -----  ---------  --------  ----------  --------------  -------------------
/opt/airflow/dags/dbt_dim.py    643  0.02s             1           0  0.16s           2022-10-26T15:03:28
/opt/airflow/dags/raw-dag.py    646  0.00s             1           0  0.16s           2022-10-26T15:03:28
================================================================================
[2022-10-26 15:04:28,814] {manager.py:803} INFO - 
================================================================================
DAG File Processing Stats

File Path                     PID    Runtime      # DAGs    # Errors  Last Runtime    Last Run
----------------------------  -----  ---------  --------  ----------  --------------  -------------------
/opt/airflow/dags/dbt_dim.py                           1           0  0.14s           2022-10-26T15:03:58
/opt/airflow/dags/raw-dag.py                           1           0  0.13s           2022-10-26T15:03:58
================================================================================
[2022-10-26 15:04:59,227] {manager.py:803} INFO - 
================================================================================
DAG File Processing Stats

File Path                       PID  Runtime      # DAGs    # Errors  Last Runtime    Last Run
----------------------------  -----  ---------  --------  ----------  --------------  -------------------
/opt/airflow/dags/dbt_dim.py    663  0.03s             1           0  0.19s           2022-10-26T15:04:29
/opt/airflow/dags/raw-dag.py    666  0.02s             1           0  0.18s           2022-10-26T15:04:29
================================================================================
[2022-10-26 15:05:29,505] {manager.py:803} INFO - 
================================================================================
DAG File Processing Stats

File Path                       PID  Runtime      # DAGs    # Errors  Last Runtime    Last Run
----------------------------  -----  ---------  --------  ----------  --------------  -------------------
/opt/airflow/dags/dbt_dim.py    673  0.01s             1           0  0.21s           2022-10-26T15:04:59
/opt/airflow/dags/raw-dag.py    676  0.00s             1           0  0.18s           2022-10-26T15:04:59
================================================================================
[2022-10-26 15:05:59,772] {manager.py:803} INFO - 
================================================================================
DAG File Processing Stats

File Path                       PID  Runtime      # DAGs    # Errors  Last Runtime    Last Run
----------------------------  -----  ---------  --------  ----------  --------------  -------------------
/opt/airflow/dags/dbt_dim.py    683  0.01s             1           0  0.15s           2022-10-26T15:05:29
/opt/airflow/dags/raw-dag.py    686  0.01s             1           0  0.14s           2022-10-26T15:05:29
================================================================================
[2022-10-26 15:06:30,064] {manager.py:803} INFO - 
================================================================================
DAG File Processing Stats

File Path                       PID  Runtime      # DAGs    # Errors  Last Runtime    Last Run
----------------------------  -----  ---------  --------  ----------  --------------  -------------------
/opt/airflow/dags/dbt_dim.py    693  0.01s             1           0  0.19s           2022-10-26T15:05:59
/opt/airflow/dags/raw-dag.py    695  0.01s             1           0  0.19s           2022-10-26T15:05:59
================================================================================
[2022-10-26 15:07:00,425] {manager.py:803} INFO - 
================================================================================
DAG File Processing Stats

File Path                       PID  Runtime      # DAGs    # Errors  Last Runtime    Last Run
----------------------------  -----  ---------  --------  ----------  --------------  -------------------
/opt/airflow/dags/dbt_dim.py    703  0.01s             1           0  0.26s           2022-10-26T15:06:30
/opt/airflow/dags/raw-dag.py    705  0.01s             1           0  0.24s           2022-10-26T15:06:30
================================================================================
[2022-10-26 15:07:30,819] {manager.py:803} INFO - 
================================================================================
DAG File Processing Stats

File Path                       PID  Runtime      # DAGs    # Errors  Last Runtime    Last Run
----------------------------  -----  ---------  --------  ----------  --------------  -------------------
/opt/airflow/dags/dbt_dim.py    713  0.01s             1           0  0.30s           2022-10-26T15:07:00
/opt/airflow/dags/raw-dag.py    716  0.01s             1           0  0.29s           2022-10-26T15:07:00
================================================================================
[2022-10-26 15:08:01,081] {manager.py:803} INFO - 
================================================================================
DAG File Processing Stats

File Path                       PID  Runtime      # DAGs    # Errors  Last Runtime    Last Run
----------------------------  -----  ---------  --------  ----------  --------------  -------------------
/opt/airflow/dags/dbt_dim.py    723  0.02s             1           0  0.16s           2022-10-26T15:07:30
/opt/airflow/dags/raw-dag.py    726  0.01s             1           0  0.15s           2022-10-26T15:07:30
================================================================================
[2022-10-26 15:08:18,301] {manager.py:684} INFO - Searching for files in /opt/airflow/dags
[2022-10-26 15:08:18,303] {manager.py:687} INFO - There are 2 files in /opt/airflow/dags
[2022-10-26 15:08:31,420] {manager.py:803} INFO - 
================================================================================
DAG File Processing Stats

File Path                       PID  Runtime      # DAGs    # Errors  Last Runtime    Last Run
----------------------------  -----  ---------  --------  ----------  --------------  -------------------
/opt/airflow/dags/dbt_dim.py    733  0.03s             1           0  0.18s           2022-10-26T15:08:01
/opt/airflow/dags/raw-dag.py    735  0.01s             1           0  0.16s           2022-10-26T15:08:01
================================================================================
[2022-10-26 15:09:01,723] {manager.py:803} INFO - 
================================================================================
DAG File Processing Stats

File Path                       PID  Runtime      # DAGs    # Errors  Last Runtime    Last Run
----------------------------  -----  ---------  --------  ----------  --------------  -------------------
/opt/airflow/dags/dbt_dim.py    743  0.01s             1           0  0.22s           2022-10-26T15:08:31
/opt/airflow/dags/raw-dag.py    746  0.01s             1           0  0.20s           2022-10-26T15:08:31
================================================================================
[2022-10-26 15:09:32,069] {manager.py:803} INFO - 
================================================================================
DAG File Processing Stats

File Path                       PID  Runtime      # DAGs    # Errors  Last Runtime    Last Run
----------------------------  -----  ---------  --------  ----------  --------------  -------------------
/opt/airflow/dags/dbt_dim.py    753  0.03s             1           0  0.21s           2022-10-26T15:09:01
/opt/airflow/dags/raw-dag.py    755  0.01s             1           0  0.19s           2022-10-26T15:09:01
================================================================================
[2022-10-26 15:10:02,321] {manager.py:803} INFO - 
================================================================================
DAG File Processing Stats

File Path                       PID  Runtime      # DAGs    # Errors  Last Runtime    Last Run
----------------------------  -----  ---------  --------  ----------  --------------  -------------------
/opt/airflow/dags/dbt_dim.py    763  0.01s             1           0  0.17s           2022-10-26T15:09:32
/opt/airflow/dags/raw-dag.py    766  0.01s             1           0  0.15s           2022-10-26T15:09:32
================================================================================
[2022-10-26 15:10:32,438] {manager.py:803} INFO - 
================================================================================
DAG File Processing Stats

File Path                     PID    Runtime      # DAGs    # Errors  Last Runtime    Last Run
----------------------------  -----  ---------  --------  ----------  --------------  -------------------
/opt/airflow/dags/dbt_dim.py                           1           0  0.15s           2022-10-26T15:10:02
/opt/airflow/dags/raw-dag.py                           1           0  0.14s           2022-10-26T15:10:02
================================================================================
[2022-10-26 15:11:02,851] {manager.py:803} INFO - 
================================================================================
DAG File Processing Stats

File Path                       PID  Runtime      # DAGs    # Errors  Last Runtime    Last Run
----------------------------  -----  ---------  --------  ----------  --------------  -------------------
/opt/airflow/dags/dbt_dim.py    783  0.02s             1           0  0.19s           2022-10-26T15:10:32
/opt/airflow/dags/raw-dag.py    786  0.01s             1           0  0.16s           2022-10-26T15:10:32
================================================================================
[2022-10-26 15:11:33,139] {manager.py:803} INFO - 
================================================================================
DAG File Processing Stats

File Path                       PID  Runtime      # DAGs    # Errors  Last Runtime    Last Run
----------------------------  -----  ---------  --------  ----------  --------------  -------------------
/opt/airflow/dags/dbt_dim.py    793  0.02s             1           0  0.17s           2022-10-26T15:11:03
/opt/airflow/dags/raw-dag.py    795  0.01s             1           0  0.15s           2022-10-26T15:11:02
================================================================================
[2022-10-26 15:12:03,442] {manager.py:803} INFO - 
================================================================================
DAG File Processing Stats

File Path                       PID  Runtime      # DAGs    # Errors  Last Runtime    Last Run
----------------------------  -----  ---------  --------  ----------  --------------  -------------------
/opt/airflow/dags/dbt_dim.py    803  0.01s             1           0  0.21s           2022-10-26T15:11:33
/opt/airflow/dags/raw-dag.py    806  0.00s             1           0  0.19s           2022-10-26T15:11:33
================================================================================
[2022-10-26 15:12:33,699] {manager.py:803} INFO - 
================================================================================
DAG File Processing Stats

File Path                       PID  Runtime      # DAGs    # Errors  Last Runtime    Last Run
----------------------------  -----  ---------  --------  ----------  --------------  -------------------
/opt/airflow/dags/dbt_dim.py    813  0.02s             1           0  0.14s           2022-10-26T15:12:03
/opt/airflow/dags/raw-dag.py    816  0.01s             1           0  0.13s           2022-10-26T15:12:03
================================================================================
[2022-10-26 15:13:04,221] {manager.py:803} INFO - 
================================================================================
DAG File Processing Stats

File Path                       PID  Runtime      # DAGs    # Errors  Last Runtime    Last Run
----------------------------  -----  ---------  --------  ----------  --------------  -------------------
/opt/airflow/dags/dbt_dim.py    823  0.02s             1           0  0.41s           2022-10-26T15:12:34
/opt/airflow/dags/raw-dag.py    826  0.01s             1           0  0.41s           2022-10-26T15:12:34
================================================================================
[2022-10-26 15:13:18,422] {manager.py:684} INFO - Searching for files in /opt/airflow/dags
[2022-10-26 15:13:18,438] {manager.py:687} INFO - There are 2 files in /opt/airflow/dags
[2022-10-26 15:13:34,615] {manager.py:803} INFO - 
================================================================================
DAG File Processing Stats

File Path                       PID  Runtime      # DAGs    # Errors  Last Runtime    Last Run
----------------------------  -----  ---------  --------  ----------  --------------  -------------------
/opt/airflow/dags/dbt_dim.py    845  0.05s             1           0  0.20s           2022-10-26T15:13:04
/opt/airflow/dags/raw-dag.py    848  0.01s             1           0  0.17s           2022-10-26T15:13:04
================================================================================
[2022-10-26 15:14:04,936] {manager.py:803} INFO - 
================================================================================
DAG File Processing Stats

File Path                       PID  Runtime      # DAGs    # Errors  Last Runtime    Last Run
----------------------------  -----  ---------  --------  ----------  --------------  -------------------
/opt/airflow/dags/dbt_dim.py    855  0.02s             1           0  0.24s           2022-10-26T15:13:34
/opt/airflow/dags/raw-dag.py    858  0.00s             1           0  0.19s           2022-10-26T15:13:34
================================================================================
[2022-10-26 15:14:35,207] {manager.py:803} INFO - 
================================================================================
DAG File Processing Stats

File Path                       PID  Runtime      # DAGs    # Errors  Last Runtime    Last Run
----------------------------  -----  ---------  --------  ----------  --------------  -------------------
/opt/airflow/dags/dbt_dim.py                           1           0  0.41s           2022-10-26T15:14:25
/opt/airflow/dags/raw-dag.py    888  0.01s             1           0  0.17s           2022-10-26T15:14:05
================================================================================
[2022-10-26 15:15:05,718] {manager.py:803} INFO - 
================================================================================
DAG File Processing Stats

File Path                       PID  Runtime      # DAGs    # Errors  Last Runtime    Last Run
----------------------------  -----  ---------  --------  ----------  --------------  -------------------
/opt/airflow/dags/dbt_dim.py                           1           0  0.17s           2022-10-26T15:14:55
/opt/airflow/dags/raw-dag.py    930  0.01s             1           0  0.41s           2022-10-26T15:14:35
================================================================================
[2022-10-26 15:15:35,980] {manager.py:803} INFO - 
================================================================================
DAG File Processing Stats

File Path                       PID  Runtime      # DAGs    # Errors  Last Runtime    Last Run
----------------------------  -----  ---------  --------  ----------  --------------  -------------------
/opt/airflow/dags/dbt_dim.py                           1           0  0.19s           2022-10-26T15:15:26
/opt/airflow/dags/raw-dag.py    940  0.01s             1           0  0.13s           2022-10-26T15:15:05
================================================================================
[2022-10-26 15:16:06,213] {manager.py:803} INFO - 
================================================================================
DAG File Processing Stats

File Path                       PID  Runtime      # DAGs    # Errors  Last Runtime    Last Run
----------------------------  -----  ---------  --------  ----------  --------------  -------------------
/opt/airflow/dags/dbt_dim.py                           1           0  0.13s           2022-10-26T15:15:56
/opt/airflow/dags/raw-dag.py    950  0.02s             1           0  0.12s           2022-10-26T15:15:36
================================================================================
[2022-10-26 15:16:36,443] {manager.py:803} INFO - 
================================================================================
DAG File Processing Stats

File Path                       PID  Runtime      # DAGs    # Errors  Last Runtime    Last Run
----------------------------  -----  ---------  --------  ----------  --------------  -------------------
/opt/airflow/dags/dbt_dim.py                           1           0  0.21s           2022-10-26T15:16:26
/opt/airflow/dags/raw-dag.py    960  0.00s             1           0  0.16s           2022-10-26T15:16:06
================================================================================
[2022-10-26 15:17:06,663] {manager.py:803} INFO - 
================================================================================
DAG File Processing Stats

File Path                       PID  Runtime      # DAGs    # Errors  Last Runtime    Last Run
----------------------------  -----  ---------  --------  ----------  --------------  -------------------
/opt/airflow/dags/dbt_dim.py                           1           0  0.19s           2022-10-26T15:16:56
/opt/airflow/dags/raw-dag.py    970  0.00s             1           0  0.12s           2022-10-26T15:16:36
================================================================================
[2022-10-26 15:17:36,994] {manager.py:803} INFO - 
================================================================================
DAG File Processing Stats

File Path                       PID  Runtime      # DAGs    # Errors  Last Runtime    Last Run
----------------------------  -----  ---------  --------  ----------  --------------  -------------------
/opt/airflow/dags/dbt_dim.py                           1           0  0.14s           2022-10-26T15:17:27
/opt/airflow/dags/raw-dag.py    980  0.02s             1           0  0.18s           2022-10-26T15:17:06
================================================================================
[2022-10-26 15:18:07,231] {manager.py:803} INFO - 
================================================================================
DAG File Processing Stats

File Path                       PID  Runtime      # DAGs    # Errors  Last Runtime    Last Run
----------------------------  -----  ---------  --------  ----------  --------------  -------------------
/opt/airflow/dags/dbt_dim.py                           1           0  0.19s           2022-10-26T15:17:57
/opt/airflow/dags/raw-dag.py    990  0.01s             1           0  0.15s           2022-10-26T15:17:37
================================================================================
[2022-10-26 15:18:19,276] {manager.py:684} INFO - Searching for files in /opt/airflow/dags
[2022-10-26 15:18:19,281] {manager.py:687} INFO - There are 2 files in /opt/airflow/dags
[2022-10-26 15:18:37,457] {manager.py:803} INFO - 
================================================================================
DAG File Processing Stats

File Path                       PID  Runtime      # DAGs    # Errors  Last Runtime    Last Run
----------------------------  -----  ---------  --------  ----------  --------------  -------------------
/opt/airflow/dags/dbt_dim.py                           1           0  0.21s           2022-10-26T15:18:27
/opt/airflow/dags/raw-dag.py   1000  0.00s             1           0  0.12s           2022-10-26T15:18:07
================================================================================
[2022-10-26 15:19:07,664] {manager.py:455} INFO - Exiting gracefully upon receiving signal 15
