[2022-10-26 15:13:09,427] {taskinstance.py:1159} INFO - Dependencies all met for <TaskInstance: dbt_dim.start_sensor scheduled__2022-09-01T00:00:00+00:00 [queued]>
[2022-10-26 15:13:09,441] {taskinstance.py:1159} INFO - Dependencies all met for <TaskInstance: dbt_dim.start_sensor scheduled__2022-09-01T00:00:00+00:00 [queued]>
[2022-10-26 15:13:09,441] {taskinstance.py:1356} INFO - 
--------------------------------------------------------------------------------
[2022-10-26 15:13:09,441] {taskinstance.py:1357} INFO - Starting attempt 2 of 3
[2022-10-26 15:13:09,441] {taskinstance.py:1358} INFO - 
--------------------------------------------------------------------------------
[2022-10-26 15:13:09,462] {taskinstance.py:1377} INFO - Executing <Task(ExternalTaskSensor): start_sensor> on 2022-09-01 00:00:00+00:00
[2022-10-26 15:13:09,467] {standard_task_runner.py:52} INFO - Started process 834 to run task
[2022-10-26 15:13:09,473] {standard_task_runner.py:79} INFO - Running: ['***', 'tasks', 'run', 'dbt_dim', 'start_sensor', 'scheduled__2022-09-01T00:00:00+00:00', '--job-id', '21', '--raw', '--subdir', 'DAGS_FOLDER/dbt_dim.py', '--cfg-path', '/tmp/tmp9xgxn84e', '--error-file', '/tmp/tmpljh_fb7j']
[2022-10-26 15:13:09,474] {standard_task_runner.py:80} INFO - Job 21: Subtask start_sensor
[2022-10-26 15:13:09,544] {task_command.py:369} INFO - Running <TaskInstance: dbt_dim.start_sensor scheduled__2022-09-01T00:00:00+00:00 [running]> on host 4af2e895db31
[2022-10-26 15:13:09,646] {taskinstance.py:1571} INFO - Exporting the following env vars:
AIRFLOW_CTX_DAG_OWNER=***
AIRFLOW_CTX_DAG_ID=dbt_dim
AIRFLOW_CTX_TASK_ID=start_sensor
AIRFLOW_CTX_EXECUTION_DATE=2022-09-01T00:00:00+00:00
AIRFLOW_CTX_TRY_NUMBER=2
AIRFLOW_CTX_DAG_RUN_ID=scheduled__2022-09-01T00:00:00+00:00
[2022-10-26 15:13:09,647] {external_task.py:166} INFO - Poking for tasks None in dag load_raw_data on 2022-09-01T00:00:00+00:00 ... 
[2022-10-26 15:13:09,655] {base.py:301} INFO - Success criteria met. Exiting.
[2022-10-26 15:13:09,671] {taskinstance.py:1400} INFO - Marking task as SUCCESS. dag_id=dbt_dim, task_id=start_sensor, execution_date=20220901T000000, start_date=20221026T151309, end_date=20221026T151309
[2022-10-26 15:13:09,724] {local_task_job.py:156} INFO - Task exited with return code 0
[2022-10-26 15:13:09,787] {local_task_job.py:273} INFO - 2 downstream tasks scheduled from follow-on schedule check
