[2022-10-26 15:14:32,422] {taskinstance.py:1159} INFO - Dependencies all met for <TaskInstance: dbt_dim.start_sensor scheduled__2022-09-01T00:00:00+00:00 [queued]>
[2022-10-26 15:14:32,435] {taskinstance.py:1159} INFO - Dependencies all met for <TaskInstance: dbt_dim.start_sensor scheduled__2022-09-01T00:00:00+00:00 [queued]>
[2022-10-26 15:14:32,435] {taskinstance.py:1356} INFO - 
--------------------------------------------------------------------------------
[2022-10-26 15:14:32,435] {taskinstance.py:1357} INFO - Starting attempt 3 of 4
[2022-10-26 15:14:32,435] {taskinstance.py:1358} INFO - 
--------------------------------------------------------------------------------
[2022-10-26 15:14:32,454] {taskinstance.py:1377} INFO - Executing <Task(ExternalTaskSensor): start_sensor> on 2022-09-01 00:00:00+00:00
[2022-10-26 15:14:32,459] {standard_task_runner.py:52} INFO - Started process 881 to run task
[2022-10-26 15:14:32,463] {standard_task_runner.py:79} INFO - Running: ['***', 'tasks', 'run', 'dbt_dim', 'start_sensor', 'scheduled__2022-09-01T00:00:00+00:00', '--job-id', '26', '--raw', '--subdir', 'DAGS_FOLDER/dbt_dim.py', '--cfg-path', '/tmp/tmp_y7b6vn4', '--error-file', '/tmp/tmpzcnx3gor']
[2022-10-26 15:14:32,465] {standard_task_runner.py:80} INFO - Job 26: Subtask start_sensor
[2022-10-26 15:14:32,530] {task_command.py:369} INFO - Running <TaskInstance: dbt_dim.start_sensor scheduled__2022-09-01T00:00:00+00:00 [running]> on host 4af2e895db31
[2022-10-26 15:14:32,628] {taskinstance.py:1571} INFO - Exporting the following env vars:
AIRFLOW_CTX_DAG_OWNER=***
AIRFLOW_CTX_DAG_ID=dbt_dim
AIRFLOW_CTX_TASK_ID=start_sensor
AIRFLOW_CTX_EXECUTION_DATE=2022-09-01T00:00:00+00:00
AIRFLOW_CTX_TRY_NUMBER=3
AIRFLOW_CTX_DAG_RUN_ID=scheduled__2022-09-01T00:00:00+00:00
[2022-10-26 15:14:32,628] {external_task.py:166} INFO - Poking for tasks None in dag load_raw_data on 2022-09-01T00:00:00+00:00 ... 
[2022-10-26 15:14:32,638] {base.py:301} INFO - Success criteria met. Exiting.
[2022-10-26 15:14:32,653] {taskinstance.py:1400} INFO - Marking task as SUCCESS. dag_id=dbt_dim, task_id=start_sensor, execution_date=20220901T000000, start_date=20221026T151432, end_date=20221026T151432
[2022-10-26 15:14:32,676] {local_task_job.py:156} INFO - Task exited with return code 0
[2022-10-26 15:14:32,732] {local_task_job.py:273} INFO - 2 downstream tasks scheduled from follow-on schedule check
