[2022-10-26 13:33:10,828] {taskinstance.py:1159} INFO - Dependencies all met for <TaskInstance: dbt_dim.start_sensor scheduled__2022-09-01T00:00:00+00:00 [queued]>
[2022-10-26 13:33:10,861] {taskinstance.py:1159} INFO - Dependencies all met for <TaskInstance: dbt_dim.start_sensor scheduled__2022-09-01T00:00:00+00:00 [queued]>
[2022-10-26 13:33:10,861] {taskinstance.py:1356} INFO - 
--------------------------------------------------------------------------------
[2022-10-26 13:33:10,862] {taskinstance.py:1357} INFO - Starting attempt 1 of 2
[2022-10-26 13:33:10,862] {taskinstance.py:1358} INFO - 
--------------------------------------------------------------------------------
[2022-10-26 13:33:10,907] {taskinstance.py:1377} INFO - Executing <Task(ExternalTaskSensor): start_sensor> on 2022-09-01 00:00:00+00:00
[2022-10-26 13:33:10,916] {standard_task_runner.py:52} INFO - Started process 344 to run task
[2022-10-26 13:33:10,941] {standard_task_runner.py:79} INFO - Running: ['***', 'tasks', 'run', 'dbt_dim', 'start_sensor', 'scheduled__2022-09-01T00:00:00+00:00', '--job-id', '6', '--raw', '--subdir', 'DAGS_FOLDER/dbt_dim.py', '--cfg-path', '/tmp/tmplamb6q7z', '--error-file', '/tmp/tmpdoioecuh']
[2022-10-26 13:33:10,944] {standard_task_runner.py:80} INFO - Job 6: Subtask start_sensor
[2022-10-26 13:33:11,152] {task_command.py:369} INFO - Running <TaskInstance: dbt_dim.start_sensor scheduled__2022-09-01T00:00:00+00:00 [running]> on host b1681a16582a
[2022-10-26 13:33:11,601] {taskinstance.py:1571} INFO - Exporting the following env vars:
AIRFLOW_CTX_DAG_OWNER=***
AIRFLOW_CTX_DAG_ID=dbt_dim
AIRFLOW_CTX_TASK_ID=start_sensor
AIRFLOW_CTX_EXECUTION_DATE=2022-09-01T00:00:00+00:00
AIRFLOW_CTX_TRY_NUMBER=1
AIRFLOW_CTX_DAG_RUN_ID=scheduled__2022-09-01T00:00:00+00:00
[2022-10-26 13:33:11,603] {external_task.py:166} INFO - Poking for tasks None in dag load_raw_data on 2022-09-01T00:00:00+00:00 ... 
[2022-10-26 13:33:41,649] {external_task.py:166} INFO - Poking for tasks None in dag load_raw_data on 2022-09-01T00:00:00+00:00 ... 
[2022-10-26 13:34:11,691] {external_task.py:166} INFO - Poking for tasks None in dag load_raw_data on 2022-09-01T00:00:00+00:00 ... 
[2022-10-26 13:34:41,729] {external_task.py:166} INFO - Poking for tasks None in dag load_raw_data on 2022-09-01T00:00:00+00:00 ... 
[2022-10-26 13:35:11,769] {external_task.py:166} INFO - Poking for tasks None in dag load_raw_data on 2022-09-01T00:00:00+00:00 ... 
[2022-10-26 13:35:41,809] {external_task.py:166} INFO - Poking for tasks None in dag load_raw_data on 2022-09-01T00:00:00+00:00 ... 
[2022-10-26 13:36:11,860] {external_task.py:166} INFO - Poking for tasks None in dag load_raw_data on 2022-09-01T00:00:00+00:00 ... 
[2022-10-26 13:36:41,896] {external_task.py:166} INFO - Poking for tasks None in dag load_raw_data on 2022-09-01T00:00:00+00:00 ... 
[2022-10-26 13:37:11,966] {external_task.py:166} INFO - Poking for tasks None in dag load_raw_data on 2022-09-01T00:00:00+00:00 ... 
[2022-10-26 13:37:42,008] {external_task.py:166} INFO - Poking for tasks None in dag load_raw_data on 2022-09-01T00:00:00+00:00 ... 
[2022-10-26 13:38:12,033] {external_task.py:166} INFO - Poking for tasks None in dag load_raw_data on 2022-09-01T00:00:00+00:00 ... 
[2022-10-26 13:38:12,057] {base.py:301} INFO - Success criteria met. Exiting.
[2022-10-26 13:38:12,077] {taskinstance.py:1400} INFO - Marking task as SUCCESS. dag_id=dbt_dim, task_id=start_sensor, execution_date=20220901T000000, start_date=20221026T133310, end_date=20221026T133812
[2022-10-26 13:38:12,101] {local_task_job.py:156} INFO - Task exited with return code 0
[2022-10-26 13:38:12,159] {local_task_job.py:273} INFO - 1 downstream tasks scheduled from follow-on schedule check
[2022-10-26 14:27:29,131] {taskinstance.py:1159} INFO - Dependencies all met for <TaskInstance: dbt_dim.start_sensor scheduled__2022-09-01T00:00:00+00:00 [queued]>
[2022-10-26 14:27:29,167] {taskinstance.py:1159} INFO - Dependencies all met for <TaskInstance: dbt_dim.start_sensor scheduled__2022-09-01T00:00:00+00:00 [queued]>
[2022-10-26 14:27:29,167] {taskinstance.py:1356} INFO - 
--------------------------------------------------------------------------------
[2022-10-26 14:27:29,167] {taskinstance.py:1357} INFO - Starting attempt 1 of 2
[2022-10-26 14:27:29,168] {taskinstance.py:1358} INFO - 
--------------------------------------------------------------------------------
[2022-10-26 14:27:29,205] {taskinstance.py:1377} INFO - Executing <Task(ExternalTaskSensor): start_sensor> on 2022-09-01 00:00:00+00:00
[2022-10-26 14:27:29,228] {standard_task_runner.py:52} INFO - Started process 250 to run task
[2022-10-26 14:27:29,239] {standard_task_runner.py:79} INFO - Running: ['***', 'tasks', 'run', 'dbt_dim', 'start_sensor', 'scheduled__2022-09-01T00:00:00+00:00', '--job-id', '5', '--raw', '--subdir', 'DAGS_FOLDER/dbt_dim.py', '--cfg-path', '/tmp/tmpt9hck8ec', '--error-file', '/tmp/tmpg2kgdqhh']
[2022-10-26 14:27:29,242] {standard_task_runner.py:80} INFO - Job 5: Subtask start_sensor
[2022-10-26 14:27:29,511] {task_command.py:369} INFO - Running <TaskInstance: dbt_dim.start_sensor scheduled__2022-09-01T00:00:00+00:00 [running]> on host d860ef10ab5f
[2022-10-26 14:27:30,556] {taskinstance.py:1571} INFO - Exporting the following env vars:
AIRFLOW_CTX_DAG_OWNER=***
AIRFLOW_CTX_DAG_ID=dbt_dim
AIRFLOW_CTX_TASK_ID=start_sensor
AIRFLOW_CTX_EXECUTION_DATE=2022-09-01T00:00:00+00:00
AIRFLOW_CTX_TRY_NUMBER=1
AIRFLOW_CTX_DAG_RUN_ID=scheduled__2022-09-01T00:00:00+00:00
[2022-10-26 14:27:30,567] {external_task.py:166} INFO - Poking for tasks None in dag load_raw_data on 2022-09-01T00:00:00+00:00 ... 
[2022-10-26 14:28:00,732] {external_task.py:166} INFO - Poking for tasks None in dag load_raw_data on 2022-09-01T00:00:00+00:00 ... 
[2022-10-26 14:28:00,761] {base.py:301} INFO - Success criteria met. Exiting.
[2022-10-26 14:28:00,780] {taskinstance.py:1400} INFO - Marking task as SUCCESS. dag_id=dbt_dim, task_id=start_sensor, execution_date=20220901T000000, start_date=20221026T142729, end_date=20221026T142800
[2022-10-26 14:28:00,824] {local_task_job.py:156} INFO - Task exited with return code 0
[2022-10-26 14:28:00,884] {local_task_job.py:273} INFO - 2 downstream tasks scheduled from follow-on schedule check
[2022-10-26 14:47:43,943] {taskinstance.py:1159} INFO - Dependencies all met for <TaskInstance: dbt_dim.start_sensor scheduled__2022-09-01T00:00:00+00:00 [queued]>
[2022-10-26 14:47:43,976] {taskinstance.py:1159} INFO - Dependencies all met for <TaskInstance: dbt_dim.start_sensor scheduled__2022-09-01T00:00:00+00:00 [queued]>
[2022-10-26 14:47:43,977] {taskinstance.py:1356} INFO - 
--------------------------------------------------------------------------------
[2022-10-26 14:47:43,977] {taskinstance.py:1357} INFO - Starting attempt 1 of 2
[2022-10-26 14:47:43,977] {taskinstance.py:1358} INFO - 
--------------------------------------------------------------------------------
[2022-10-26 14:47:44,007] {taskinstance.py:1377} INFO - Executing <Task(ExternalTaskSensor): start_sensor> on 2022-09-01 00:00:00+00:00
[2022-10-26 14:47:44,014] {standard_task_runner.py:52} INFO - Started process 279 to run task
[2022-10-26 14:47:44,018] {standard_task_runner.py:79} INFO - Running: ['***', 'tasks', 'run', 'dbt_dim', 'start_sensor', 'scheduled__2022-09-01T00:00:00+00:00', '--job-id', '2', '--raw', '--subdir', 'DAGS_FOLDER/dbt_dim.py', '--cfg-path', '/tmp/tmpbjwmwcsp', '--error-file', '/tmp/tmpyh9aweut']
[2022-10-26 14:47:44,023] {standard_task_runner.py:80} INFO - Job 2: Subtask start_sensor
[2022-10-26 14:47:44,214] {task_command.py:369} INFO - Running <TaskInstance: dbt_dim.start_sensor scheduled__2022-09-01T00:00:00+00:00 [running]> on host 4af2e895db31
[2022-10-26 14:47:44,562] {taskinstance.py:1571} INFO - Exporting the following env vars:
AIRFLOW_CTX_DAG_OWNER=***
AIRFLOW_CTX_DAG_ID=dbt_dim
AIRFLOW_CTX_TASK_ID=start_sensor
AIRFLOW_CTX_EXECUTION_DATE=2022-09-01T00:00:00+00:00
AIRFLOW_CTX_TRY_NUMBER=1
AIRFLOW_CTX_DAG_RUN_ID=scheduled__2022-09-01T00:00:00+00:00
[2022-10-26 14:47:44,568] {external_task.py:166} INFO - Poking for tasks None in dag load_raw_data on 2022-09-01T00:00:00+00:00 ... 
[2022-10-26 14:48:14,624] {external_task.py:166} INFO - Poking for tasks None in dag load_raw_data on 2022-09-01T00:00:00+00:00 ... 
[2022-10-26 14:48:14,640] {base.py:301} INFO - Success criteria met. Exiting.
[2022-10-26 14:48:14,663] {taskinstance.py:1400} INFO - Marking task as SUCCESS. dag_id=dbt_dim, task_id=start_sensor, execution_date=20220901T000000, start_date=20221026T144743, end_date=20221026T144814
[2022-10-26 14:48:14,687] {local_task_job.py:156} INFO - Task exited with return code 0
[2022-10-26 14:48:14,741] {local_task_job.py:273} INFO - 2 downstream tasks scheduled from follow-on schedule check
